[2024-03-18 09:38:25] [info] Procrun (2.0.4.0) started
[2024-03-18 09:38:25] [info] Service Tomcat6 name Apache Tomcat 6
[2024-03-18 09:38:25] [info] Service Tomcat6 installed
[2024-03-18 09:38:25] [info] Procrun finished.
[2024-03-18 09:38:27] [info] Procrun (2.0.4.0) started
[2024-03-18 09:38:27] [info] Updating service...
[2024-03-18 09:38:27] [info] Service Tomcat6 updated
[2024-03-18 09:38:27] [info] Update service finished.
[2024-03-18 09:38:27] [info] Procrun finished.
[2024-03-18 09:38:28] [info] Procrun (2.0.4.0) started
[2024-03-18 09:38:28] [info] Updating service...
[2024-03-18 09:38:28] [info] Service Tomcat6 updated
[2024-03-18 09:38:28] [info] Update service finished.
[2024-03-18 09:38:28] [info] Procrun finished.
[2024-03-18 09:38:33] [info] Procrun (2.0.4.0) started
[2024-03-18 09:38:33] [info] Running Service...
[2024-03-18 09:38:33] [info] Starting service...
[2024-03-18 09:38:37] [info] Service started in 3105 ms.
[2024-03-18 09:39:19] [info] Stopping service...
[2024-03-18 09:39:20] [info] Service stopped.
[2024-03-18 09:39:20] [info] Run service finished.
[2024-03-18 09:39:20] [info] Procrun finished.
[2024-03-18 09:44:54] [info] Procrun (2.0.4.0) started
[2024-03-18 09:44:54] [info] Debugging Service...
[2024-03-18 09:44:54] [info] Starting service...
[2024-03-18 09:44:56] [info] Service started in 1921 ms.
[2024-03-18 09:59:19] [info] Console CTRL+C event signaled
[2024-03-18 09:59:19] [info] Stopping service...
[2024-03-18 09:59:22] [info] Service stopped.
[2024-03-18 09:59:22] [info] Console CTRL+C event signaled
[2024-03-18 09:59:22] [info] Stopping service...
[2024-03-18 09:59:22] [info] Debug service finished.
[2024-03-18 09:59:22] [info] Procrun finished.
[2024-03-18 10:58:09] [info] Procrun (2.0.4.0) started
[2024-03-18 10:58:09] [info] Debugging Service...
[2024-03-18 10:58:09] [info] Starting service...
[2024-03-18 10:58:11] [info] Service started in 1968 ms.
[2024-03-18 11:06:11] [info] Console CTRL+CLOSE event signaled
[2024-03-18 11:06:11] [info] Stopping service...
[2024-03-18 11:06:14] [info] Service stopped.
[2024-03-18 11:06:35] [info] Procrun (2.0.4.0) started
[2024-03-18 11:06:35] [info] Debugging Service...
[2024-03-18 11:06:35] [info] Starting service...
[2024-03-18 11:06:36] [info] Service started in 1703 ms.
[2024-03-18 11:09:13] [info] Console CTRL+C event signaled
[2024-03-18 11:09:13] [info] Stopping service...
[2024-03-18 11:09:16] [info] Service stopped.
[2024-03-18 11:09:16] [info] Debug service finished.
[2024-03-18 11:09:16] [info] Procrun finished.
[2024-03-18 11:09:47] [info] Procrun (2.0.4.0) started
[2024-03-18 11:09:47] [info] Running Service...
[2024-03-18 11:09:47] [info] Starting service...
[2024-03-18 11:09:48] [info] Service started in 1358 ms.
[2024-03-18 11:10:13] [info] Procrun (2.0.4.0) started
[2024-03-18 11:10:13] [info] Debugging Service...
[2024-03-18 11:10:13] [info] Starting service...
[2024-03-18 11:10:14] [info] Service started in 1163 ms.
[2024-03-18 11:10:31] [info] Stopping service...
[2024-03-18 11:10:33] [info] Service stopped.
[2024-03-18 11:10:33] [info] Run service finished.
[2024-03-18 11:10:33] [info] Procrun finished.
[2024-03-18 11:10:36] [info] Procrun (2.0.4.0) started
[2024-03-18 11:10:36] [info] Debugging Service...
[2024-03-18 11:10:36] [info] Starting service...
[2024-03-18 11:10:37] [info] Service started in 1117 ms.
[2024-03-18 12:31:24] [info] Procrun (2.0.4.0) started
[2024-03-18 12:31:24] [info] Debugging Service...
[2024-03-18 12:31:24] [info] Starting service...
[2024-03-18 12:31:27] [info] Service started in 2780 ms.
[2024-03-18 12:38:57] [info] Console CTRL+C event signaled
[2024-03-18 12:38:57] [info] Stopping service...
[2024-03-18 12:38:59] [info] Service stopped.
[2024-03-18 12:38:59] [info] Console CTRL+C event signaled
[2024-03-18 12:38:59] [info] Stopping service...
[2024-03-18 12:38:59] [info] Debug service finished.
[2024-03-18 12:38:59] [info] Procrun finished.
[2024-03-18 12:39:09] [info] Procrun (2.0.4.0) started
[2024-03-18 12:39:09] [info] Debugging Service...
[2024-03-18 12:39:09] [info] Starting service...
[2024-03-18 12:39:11] [info] Service started in 1601 ms.
[2024-03-18 12:52:11] [info] Console CTRL+C event signaled
[2024-03-18 12:52:11] [info] Stopping service...
[2024-03-18 12:52:14] [info] Service stopped.
[2024-03-18 12:52:14] [info] Debug service finished.
[2024-03-18 12:52:14] [info] Procrun finished.
[2024-03-18 12:52:35] [info] Procrun (2.0.4.0) started
[2024-03-18 12:52:35] [info] Debugging Service...
[2024-03-18 12:52:35] [info] Starting service...
[2024-03-18 12:52:36] [info] Service started in 1718 ms.
[2024-03-18 12:55:19] [info] Console CTRL+C event signaled
[2024-03-18 12:55:19] [info] Stopping service...
[2024-03-18 12:55:20] [info] Service stopped.
[2024-03-18 12:55:20] [info] Console CTRL+C event signaled
[2024-03-18 12:55:20] [info] Stopping service...
[2024-03-18 12:55:20] [info] Debug service finished.
[2024-03-18 12:55:20] [info] Procrun finished.
[2024-03-18 12:55:24] [info] Procrun (2.0.4.0) started
[2024-03-18 12:55:24] [info] Debugging Service...
[2024-03-18 12:55:24] [info] Starting service...
[2024-03-18 12:55:25] [info] Service started in 1593 ms.
[2024-03-18 13:00:54] [info] Console CTRL+CLOSE event signaled
[2024-03-18 13:00:54] [info] Stopping service...
[2024-03-18 13:00:56] [info] Service stopped.
[2024-03-18 13:01:23] [info] Procrun (2.0.4.0) started
[2024-03-18 13:01:23] [info] Debugging Service...
[2024-03-18 13:01:23] [info] Starting service...
[2024-03-18 13:01:24] [info] Service started in 1517 ms.
[2024-03-18 13:07:57] [info] Console CTRL+C event signaled
[2024-03-18 13:07:57] [info] Stopping service...
[2024-03-18 13:07:58] [info] Service stopped.
[2024-03-18 13:07:58] [info] Console CTRL+C event signaled
[2024-03-18 13:07:58] [info] Stopping service...
[2024-03-18 13:07:58] [info] Debug service finished.
[2024-03-18 13:07:58] [info] Procrun finished.
[2024-03-18 13:08:09] [info] Procrun (2.0.4.0) started
[2024-03-18 13:08:09] [info] Debugging Service...
[2024-03-18 13:08:09] [info] Starting service...
[2024-03-18 13:08:10] [info] Service started in 1662 ms.
[2024-03-18 13:14:41] [info] Console CTRL+C event signaled
[2024-03-18 13:14:41] [info] Stopping service...
[2024-03-18 13:14:45] [info] Service stopped.
[2024-03-18 13:14:45] [info] Console CTRL+C event signaled
[2024-03-18 13:14:45] [info] Stopping service...
[2024-03-18 13:14:45] [info] Debug service finished.
[2024-03-18 13:14:45] [info] Procrun finished.
[2024-03-18 13:14:58] [info] Procrun (2.0.4.0) started
[2024-03-18 13:14:58] [info] Debugging Service...
[2024-03-18 13:14:58] [info] Starting service...
[2024-03-18 13:15:00] [info] Service started in 1452 ms.
[2024-03-18 13:17:07] [info] Console CTRL+C event signaled
[2024-03-18 13:17:07] [info] Stopping service...
[2024-03-18 13:17:10] [info] Service stopped.
[2024-03-18 13:17:10] [info] Console CTRL+C event signaled
[2024-03-18 13:17:10] [info] Stopping service...
[2024-03-18 13:17:10] [info] Debug service finished.
[2024-03-18 13:17:10] [info] Procrun finished.
[2024-03-18 13:17:51] [info] Procrun (2.0.4.0) started
[2024-03-18 13:17:51] [info] Debugging Service...
[2024-03-18 13:17:51] [info] Starting service...
[2024-03-18 13:17:52] [info] Service started in 1414 ms.
[2024-03-18 13:30:52] [info] Console CTRL+C event signaled
[2024-03-18 13:30:52] [info] Stopping service...
[2024-03-18 13:30:55] [info] Service stopped.
[2024-03-18 13:30:55] [info] Debug service finished.
[2024-03-18 13:30:55] [info] Procrun finished.
[2024-03-18 13:31:08] [info] Procrun (2.0.4.0) started
[2024-03-18 13:31:08] [info] Debugging Service...
[2024-03-18 13:31:08] [info] Starting service...
[2024-03-18 13:31:10] [info] Service started in 1468 ms.
[2024-03-19 05:06:21] [info] Console CTRL+C event signaled
[2024-03-19 05:06:21] [info] Stopping service...
[2024-03-19 05:06:26] [info] Service stopped.
[2024-03-19 05:06:26] [info] Console CTRL+C event signaled
[2024-03-19 05:06:26] [info] Stopping service...
[2024-03-19 05:06:26] [info] Debug service finished.
[2024-03-19 05:06:26] [info] Procrun finished.
