Mar 18, 2024 12:36:16 PM org.apache.catalina.core.StandardWrapperValve invoke
SEVERE: Servlet.service() for servlet jsp threw exception
The Struts dispatcher cannot be found.  This is usually caused by using Struts tags without the associated filter. Struts tags are only usable when the request has passed through its servlet filter, which initializes the Struts dispatcher needed for this tag. - [unknown location]
	at org.apache.struts2.views.jsp.TagUtils.getStack(TagUtils.java:60)
	at org.apache.struts2.views.jsp.StrutsBodyTagSupport.getStack(StrutsBodyTagSupport.java:44)
	at org.apache.struts2.views.jsp.ComponentTagSupport.doStartTag(ComponentTagSupport.java:48)
	at org.apache.jsp.Registerchoose_jsp._jspx_meth_st_005fform_005f0(Registerchoose_jsp.java:231)
	at org.apache.jsp.Registerchoose_jsp._jspService(Registerchoose_jsp.java:196)
	at org.apache.jasper.runtime.HttpJspBase.service(HttpJspBase.java:70)
	at javax.servlet.http.HttpServlet.service(HttpServlet.java:717)
	at org.apache.jasper.servlet.JspServletWrapper.service(JspServletWrapper.java:374)
	at org.apache.jasper.servlet.JspServlet.serviceJspFile(JspServlet.java:342)
	at org.apache.jasper.servlet.JspServlet.service(JspServlet.java:267)
	at javax.servlet.http.HttpServlet.service(HttpServlet.java:717)
	at org.apache.catalina.core.ApplicationFilterChain.internalDoFilter(ApplicationFilterChain.java:290)
	at org.apache.catalina.core.ApplicationFilterChain.doFilter(ApplicationFilterChain.java:206)
	at org.apache.catalina.core.StandardWrapperValve.invoke(StandardWrapperValve.java:233)
	at org.apache.catalina.core.StandardContextValve.invoke(StandardContextValve.java:191)
	at org.apache.catalina.core.StandardHostValve.invoke(StandardHostValve.java:128)
	at org.apache.catalina.valves.ErrorReportValve.invoke(ErrorReportValve.java:102)
	at org.apache.catalina.core.StandardEngineValve.invoke(StandardEngineValve.java:109)
	at org.apache.catalina.connector.CoyoteAdapter.service(CoyoteAdapter.java:293)
	at org.apache.coyote.http11.Http11Processor.process(Http11Processor.java:849)
	at org.apache.coyote.http11.Http11Protocol$Http11ConnectionHandler.process(Http11Protocol.java:583)
	at org.apache.tomcat.util.net.JIoEndpoint$Worker.run(JIoEndpoint.java:454)
	at java.lang.Thread.run(Unknown Source)

Mar 18, 2024 12:57:31 PM org.apache.catalina.core.StandardWrapperValve invoke
SEVERE: Servlet.service() for servlet jsp threw exception
The Struts dispatcher cannot be found.  This is usually caused by using Struts tags without the associated filter. Struts tags are only usable when the request has passed through its servlet filter, which initializes the Struts dispatcher needed for this tag. - [unknown location]
	at org.apache.struts2.views.jsp.TagUtils.getStack(TagUtils.java:60)
	at org.apache.struts2.views.jsp.StrutsBodyTagSupport.getStack(StrutsBodyTagSupport.java:44)
	at org.apache.struts2.views.jsp.ComponentTagSupport.doStartTag(ComponentTagSupport.java:48)
	at org.apache.jsp.Registerchoose_jsp._jspx_meth_st_005fform_005f0(Registerchoose_jsp.java:231)
	at org.apache.jsp.Registerchoose_jsp._jspService(Registerchoose_jsp.java:196)
	at org.apache.jasper.runtime.HttpJspBase.service(HttpJspBase.java:70)
	at javax.servlet.http.HttpServlet.service(HttpServlet.java:717)
	at org.apache.jasper.servlet.JspServletWrapper.service(JspServletWrapper.java:374)
	at org.apache.jasper.servlet.JspServlet.serviceJspFile(JspServlet.java:342)
	at org.apache.jasper.servlet.JspServlet.service(JspServlet.java:267)
	at javax.servlet.http.HttpServlet.service(HttpServlet.java:717)
	at org.apache.catalina.core.ApplicationFilterChain.internalDoFilter(ApplicationFilterChain.java:290)
	at org.apache.catalina.core.ApplicationFilterChain.doFilter(ApplicationFilterChain.java:206)
	at org.apache.catalina.core.StandardWrapperValve.invoke(StandardWrapperValve.java:233)
	at org.apache.catalina.core.StandardContextValve.invoke(StandardContextValve.java:191)
	at org.apache.catalina.core.StandardHostValve.invoke(StandardHostValve.java:128)
	at org.apache.catalina.valves.ErrorReportValve.invoke(ErrorReportValve.java:102)
	at org.apache.catalina.core.StandardEngineValve.invoke(StandardEngineValve.java:109)
	at org.apache.catalina.connector.CoyoteAdapter.service(CoyoteAdapter.java:293)
	at org.apache.coyote.http11.Http11Processor.process(Http11Processor.java:849)
	at org.apache.coyote.http11.Http11Protocol$Http11ConnectionHandler.process(Http11Protocol.java:583)
	at org.apache.tomcat.util.net.JIoEndpoint$Worker.run(JIoEndpoint.java:454)
	at java.lang.Thread.run(Unknown Source)

Mar 18, 2024 1:02:42 PM org.apache.catalina.core.StandardWrapperValve invoke
SEVERE: Servlet.service() for servlet jsp threw exception
The Struts dispatcher cannot be found.  This is usually caused by using Struts tags without the associated filter. Struts tags are only usable when the request has passed through its servlet filter, which initializes the Struts dispatcher needed for this tag. - [unknown location]
	at org.apache.struts2.views.jsp.TagUtils.getStack(TagUtils.java:60)
	at org.apache.struts2.views.jsp.StrutsBodyTagSupport.getStack(StrutsBodyTagSupport.java:44)
	at org.apache.struts2.views.jsp.ComponentTagSupport.doStartTag(ComponentTagSupport.java:48)
	at org.apache.jsp.Registerchoose_jsp._jspx_meth_st_005fform_005f0(Registerchoose_jsp.java:231)
	at org.apache.jsp.Registerchoose_jsp._jspService(Registerchoose_jsp.java:196)
	at org.apache.jasper.runtime.HttpJspBase.service(HttpJspBase.java:70)
	at javax.servlet.http.HttpServlet.service(HttpServlet.java:717)
	at org.apache.jasper.servlet.JspServletWrapper.service(JspServletWrapper.java:374)
	at org.apache.jasper.servlet.JspServlet.serviceJspFile(JspServlet.java:342)
	at org.apache.jasper.servlet.JspServlet.service(JspServlet.java:267)
	at javax.servlet.http.HttpServlet.service(HttpServlet.java:717)
	at org.apache.catalina.core.ApplicationFilterChain.internalDoFilter(ApplicationFilterChain.java:290)
	at org.apache.catalina.core.ApplicationFilterChain.doFilter(ApplicationFilterChain.java:206)
	at org.apache.catalina.core.StandardWrapperValve.invoke(StandardWrapperValve.java:233)
	at org.apache.catalina.core.StandardContextValve.invoke(StandardContextValve.java:191)
	at org.apache.catalina.core.StandardHostValve.invoke(StandardHostValve.java:128)
	at org.apache.catalina.valves.ErrorReportValve.invoke(ErrorReportValve.java:102)
	at org.apache.catalina.core.StandardEngineValve.invoke(StandardEngineValve.java:109)
	at org.apache.catalina.connector.CoyoteAdapter.service(CoyoteAdapter.java:293)
	at org.apache.coyote.http11.Http11Processor.process(Http11Processor.java:849)
	at org.apache.coyote.http11.Http11Protocol$Http11ConnectionHandler.process(Http11Protocol.java:583)
	at org.apache.tomcat.util.net.JIoEndpoint$Worker.run(JIoEndpoint.java:454)
	at java.lang.Thread.run(Unknown Source)

Mar 18, 2024 1:02:45 PM org.apache.catalina.core.StandardWrapperValve invoke
SEVERE: Servlet.service() for servlet jsp threw exception
The Struts dispatcher cannot be found.  This is usually caused by using Struts tags without the associated filter. Struts tags are only usable when the request has passed through its servlet filter, which initializes the Struts dispatcher needed for this tag. - [unknown location]
	at org.apache.struts2.views.jsp.TagUtils.getStack(TagUtils.java:60)
	at org.apache.struts2.views.jsp.StrutsBodyTagSupport.getStack(StrutsBodyTagSupport.java:44)
	at org.apache.struts2.views.jsp.ComponentTagSupport.doStartTag(ComponentTagSupport.java:48)
	at org.apache.jsp.Registerchoose_jsp._jspx_meth_st_005fform_005f0(Registerchoose_jsp.java:231)
	at org.apache.jsp.Registerchoose_jsp._jspService(Registerchoose_jsp.java:196)
	at org.apache.jasper.runtime.HttpJspBase.service(HttpJspBase.java:70)
	at javax.servlet.http.HttpServlet.service(HttpServlet.java:717)
	at org.apache.jasper.servlet.JspServletWrapper.service(JspServletWrapper.java:374)
	at org.apache.jasper.servlet.JspServlet.serviceJspFile(JspServlet.java:342)
	at org.apache.jasper.servlet.JspServlet.service(JspServlet.java:267)
	at javax.servlet.http.HttpServlet.service(HttpServlet.java:717)
	at org.apache.catalina.core.ApplicationFilterChain.internalDoFilter(ApplicationFilterChain.java:290)
	at org.apache.catalina.core.ApplicationFilterChain.doFilter(ApplicationFilterChain.java:206)
	at org.apache.catalina.core.StandardWrapperValve.invoke(StandardWrapperValve.java:233)
	at org.apache.catalina.core.StandardContextValve.invoke(StandardContextValve.java:191)
	at org.apache.catalina.core.StandardHostValve.invoke(StandardHostValve.java:128)
	at org.apache.catalina.valves.ErrorReportValve.invoke(ErrorReportValve.java:102)
	at org.apache.catalina.core.StandardEngineValve.invoke(StandardEngineValve.java:109)
	at org.apache.catalina.connector.CoyoteAdapter.service(CoyoteAdapter.java:293)
	at org.apache.coyote.http11.Http11Processor.process(Http11Processor.java:849)
	at org.apache.coyote.http11.Http11Protocol$Http11ConnectionHandler.process(Http11Protocol.java:583)
	at org.apache.tomcat.util.net.JIoEndpoint$Worker.run(JIoEndpoint.java:454)
	at java.lang.Thread.run(Unknown Source)

Mar 18, 2024 1:02:46 PM org.apache.catalina.core.StandardWrapperValve invoke
SEVERE: Servlet.service() for servlet jsp threw exception
The Struts dispatcher cannot be found.  This is usually caused by using Struts tags without the associated filter. Struts tags are only usable when the request has passed through its servlet filter, which initializes the Struts dispatcher needed for this tag. - [unknown location]
	at org.apache.struts2.views.jsp.TagUtils.getStack(TagUtils.java:60)
	at org.apache.struts2.views.jsp.StrutsBodyTagSupport.getStack(StrutsBodyTagSupport.java:44)
	at org.apache.struts2.views.jsp.ComponentTagSupport.doStartTag(ComponentTagSupport.java:48)
	at org.apache.jsp.Registerchoose_jsp._jspx_meth_st_005fform_005f0(Registerchoose_jsp.java:231)
	at org.apache.jsp.Registerchoose_jsp._jspService(Registerchoose_jsp.java:196)
	at org.apache.jasper.runtime.HttpJspBase.service(HttpJspBase.java:70)
	at javax.servlet.http.HttpServlet.service(HttpServlet.java:717)
	at org.apache.jasper.servlet.JspServletWrapper.service(JspServletWrapper.java:374)
	at org.apache.jasper.servlet.JspServlet.serviceJspFile(JspServlet.java:342)
	at org.apache.jasper.servlet.JspServlet.service(JspServlet.java:267)
	at javax.servlet.http.HttpServlet.service(HttpServlet.java:717)
	at org.apache.catalina.core.ApplicationFilterChain.internalDoFilter(ApplicationFilterChain.java:290)
	at org.apache.catalina.core.ApplicationFilterChain.doFilter(ApplicationFilterChain.java:206)
	at org.apache.catalina.core.StandardWrapperValve.invoke(StandardWrapperValve.java:233)
	at org.apache.catalina.core.StandardContextValve.invoke(StandardContextValve.java:191)
	at org.apache.catalina.core.StandardHostValve.invoke(StandardHostValve.java:128)
	at org.apache.catalina.valves.ErrorReportValve.invoke(ErrorReportValve.java:102)
	at org.apache.catalina.core.StandardEngineValve.invoke(StandardEngineValve.java:109)
	at org.apache.catalina.connector.CoyoteAdapter.service(CoyoteAdapter.java:293)
	at org.apache.coyote.http11.Http11Processor.process(Http11Processor.java:849)
	at org.apache.coyote.http11.Http11Protocol$Http11ConnectionHandler.process(Http11Protocol.java:583)
	at org.apache.tomcat.util.net.JIoEndpoint$Worker.run(JIoEndpoint.java:454)
	at java.lang.Thread.run(Unknown Source)

Mar 18, 2024 1:02:46 PM org.apache.catalina.core.StandardWrapperValve invoke
SEVERE: Servlet.service() for servlet jsp threw exception
The Struts dispatcher cannot be found.  This is usually caused by using Struts tags without the associated filter. Struts tags are only usable when the request has passed through its servlet filter, which initializes the Struts dispatcher needed for this tag. - [unknown location]
	at org.apache.struts2.views.jsp.TagUtils.getStack(TagUtils.java:60)
	at org.apache.struts2.views.jsp.StrutsBodyTagSupport.getStack(StrutsBodyTagSupport.java:44)
	at org.apache.struts2.views.jsp.ComponentTagSupport.doStartTag(ComponentTagSupport.java:48)
	at org.apache.jsp.Registerchoose_jsp._jspx_meth_st_005fform_005f0(Registerchoose_jsp.java:231)
	at org.apache.jsp.Registerchoose_jsp._jspService(Registerchoose_jsp.java:196)
	at org.apache.jasper.runtime.HttpJspBase.service(HttpJspBase.java:70)
	at javax.servlet.http.HttpServlet.service(HttpServlet.java:717)
	at org.apache.jasper.servlet.JspServletWrapper.service(JspServletWrapper.java:374)
	at org.apache.jasper.servlet.JspServlet.serviceJspFile(JspServlet.java:342)
	at org.apache.jasper.servlet.JspServlet.service(JspServlet.java:267)
	at javax.servlet.http.HttpServlet.service(HttpServlet.java:717)
	at org.apache.catalina.core.ApplicationFilterChain.internalDoFilter(ApplicationFilterChain.java:290)
	at org.apache.catalina.core.ApplicationFilterChain.doFilter(ApplicationFilterChain.java:206)
	at org.apache.catalina.core.StandardWrapperValve.invoke(StandardWrapperValve.java:233)
	at org.apache.catalina.core.StandardContextValve.invoke(StandardContextValve.java:191)
	at org.apache.catalina.core.StandardHostValve.invoke(StandardHostValve.java:128)
	at org.apache.catalina.valves.ErrorReportValve.invoke(ErrorReportValve.java:102)
	at org.apache.catalina.core.StandardEngineValve.invoke(StandardEngineValve.java:109)
	at org.apache.catalina.connector.CoyoteAdapter.service(CoyoteAdapter.java:293)
	at org.apache.coyote.http11.Http11Processor.process(Http11Processor.java:849)
	at org.apache.coyote.http11.Http11Protocol$Http11ConnectionHandler.process(Http11Protocol.java:583)
	at org.apache.tomcat.util.net.JIoEndpoint$Worker.run(JIoEndpoint.java:454)
	at java.lang.Thread.run(Unknown Source)

Mar 18, 2024 1:02:47 PM org.apache.catalina.core.StandardWrapperValve invoke
SEVERE: Servlet.service() for servlet jsp threw exception
The Struts dispatcher cannot be found.  This is usually caused by using Struts tags without the associated filter. Struts tags are only usable when the request has passed through its servlet filter, which initializes the Struts dispatcher needed for this tag. - [unknown location]
	at org.apache.struts2.views.jsp.TagUtils.getStack(TagUtils.java:60)
	at org.apache.struts2.views.jsp.StrutsBodyTagSupport.getStack(StrutsBodyTagSupport.java:44)
	at org.apache.struts2.views.jsp.ComponentTagSupport.doStartTag(ComponentTagSupport.java:48)
	at org.apache.jsp.Registerchoose_jsp._jspx_meth_st_005fform_005f0(Registerchoose_jsp.java:231)
	at org.apache.jsp.Registerchoose_jsp._jspService(Registerchoose_jsp.java:196)
	at org.apache.jasper.runtime.HttpJspBase.service(HttpJspBase.java:70)
	at javax.servlet.http.HttpServlet.service(HttpServlet.java:717)
	at org.apache.jasper.servlet.JspServletWrapper.service(JspServletWrapper.java:374)
	at org.apache.jasper.servlet.JspServlet.serviceJspFile(JspServlet.java:342)
	at org.apache.jasper.servlet.JspServlet.service(JspServlet.java:267)
	at javax.servlet.http.HttpServlet.service(HttpServlet.java:717)
	at org.apache.catalina.core.ApplicationFilterChain.internalDoFilter(ApplicationFilterChain.java:290)
	at org.apache.catalina.core.ApplicationFilterChain.doFilter(ApplicationFilterChain.java:206)
	at org.apache.catalina.core.StandardWrapperValve.invoke(StandardWrapperValve.java:233)
	at org.apache.catalina.core.StandardContextValve.invoke(StandardContextValve.java:191)
	at org.apache.catalina.core.StandardHostValve.invoke(StandardHostValve.java:128)
	at org.apache.catalina.valves.ErrorReportValve.invoke(ErrorReportValve.java:102)
	at org.apache.catalina.core.StandardEngineValve.invoke(StandardEngineValve.java:109)
	at org.apache.catalina.connector.CoyoteAdapter.service(CoyoteAdapter.java:293)
	at org.apache.coyote.http11.Http11Processor.process(Http11Processor.java:849)
	at org.apache.coyote.http11.Http11Protocol$Http11ConnectionHandler.process(Http11Protocol.java:583)
	at org.apache.tomcat.util.net.JIoEndpoint$Worker.run(JIoEndpoint.java:454)
	at java.lang.Thread.run(Unknown Source)

Mar 18, 2024 1:02:47 PM org.apache.catalina.core.StandardWrapperValve invoke
SEVERE: Servlet.service() for servlet jsp threw exception
The Struts dispatcher cannot be found.  This is usually caused by using Struts tags without the associated filter. Struts tags are only usable when the request has passed through its servlet filter, which initializes the Struts dispatcher needed for this tag. - [unknown location]
	at org.apache.struts2.views.jsp.TagUtils.getStack(TagUtils.java:60)
	at org.apache.struts2.views.jsp.StrutsBodyTagSupport.getStack(StrutsBodyTagSupport.java:44)
	at org.apache.struts2.views.jsp.ComponentTagSupport.doStartTag(ComponentTagSupport.java:48)
	at org.apache.jsp.Registerchoose_jsp._jspx_meth_st_005fform_005f0(Registerchoose_jsp.java:231)
	at org.apache.jsp.Registerchoose_jsp._jspService(Registerchoose_jsp.java:196)
	at org.apache.jasper.runtime.HttpJspBase.service(HttpJspBase.java:70)
	at javax.servlet.http.HttpServlet.service(HttpServlet.java:717)
	at org.apache.jasper.servlet.JspServletWrapper.service(JspServletWrapper.java:374)
	at org.apache.jasper.servlet.JspServlet.serviceJspFile(JspServlet.java:342)
	at org.apache.jasper.servlet.JspServlet.service(JspServlet.java:267)
	at javax.servlet.http.HttpServlet.service(HttpServlet.java:717)
	at org.apache.catalina.core.ApplicationFilterChain.internalDoFilter(ApplicationFilterChain.java:290)
	at org.apache.catalina.core.ApplicationFilterChain.doFilter(ApplicationFilterChain.java:206)
	at org.apache.catalina.core.StandardWrapperValve.invoke(StandardWrapperValve.java:233)
	at org.apache.catalina.core.StandardContextValve.invoke(StandardContextValve.java:191)
	at org.apache.catalina.core.StandardHostValve.invoke(StandardHostValve.java:128)
	at org.apache.catalina.valves.ErrorReportValve.invoke(ErrorReportValve.java:102)
	at org.apache.catalina.core.StandardEngineValve.invoke(StandardEngineValve.java:109)
	at org.apache.catalina.connector.CoyoteAdapter.service(CoyoteAdapter.java:293)
	at org.apache.coyote.http11.Http11Processor.process(Http11Processor.java:849)
	at org.apache.coyote.http11.Http11Protocol$Http11ConnectionHandler.process(Http11Protocol.java:583)
	at org.apache.tomcat.util.net.JIoEndpoint$Worker.run(JIoEndpoint.java:454)
	at java.lang.Thread.run(Unknown Source)

Mar 18, 2024 1:30:54 PM org.apache.catalina.core.StandardContext listenerStop
SEVERE: Exception sending context destroyed event to listener instance of class com.sun.faces.application.WebappLifecycleListener
java.lang.NoClassDefFoundError: com/sun/faces/spi/InjectionProviderException
	at com.sun.faces.application.WebappLifecycleListener.handleAttributeEvent(WebappLifecycleListener.java:224)
	at com.sun.faces.application.WebappLifecycleListener.contextDestroyed(WebappLifecycleListener.java:275)
	at org.apache.catalina.core.StandardContext.listenerStop(StandardContext.java:3973)
	at org.apache.catalina.core.StandardContext.stop(StandardContext.java:4577)
	at org.apache.catalina.core.ContainerBase.removeChild(ContainerBase.java:924)
	at org.apache.catalina.startup.HostConfig.undeployApps(HostConfig.java:1248)
	at org.apache.catalina.startup.HostConfig.stop(HostConfig.java:1219)
	at org.apache.catalina.startup.HostConfig.lifecycleEvent(HostConfig.java:316)
	at org.apache.catalina.util.LifecycleSupport.fireLifecycleEvent(LifecycleSupport.java:119)
	at org.apache.catalina.core.ContainerBase.stop(ContainerBase.java:1086)
	at org.apache.catalina.core.ContainerBase.stop(ContainerBase.java:1098)
	at org.apache.catalina.core.StandardEngine.stop(StandardEngine.java:448)
	at org.apache.catalina.core.StandardService.stop(StandardService.java:584)
	at org.apache.catalina.core.StandardServer.stop(StandardServer.java:744)
	at org.apache.catalina.startup.Catalina.stop(Catalina.java:633)
	at org.apache.catalina.startup.Catalina.start(Catalina.java:608)
	at sun.reflect.NativeMethodAccessorImpl.invoke0(Native Method)
	at sun.reflect.NativeMethodAccessorImpl.invoke(Unknown Source)
	at sun.reflect.DelegatingMethodAccessorImpl.invoke(Unknown Source)
	at java.lang.reflect.Method.invoke(Unknown Source)
	at org.apache.catalina.startup.Bootstrap.start(Bootstrap.java:288)
	at org.apache.catalina.startup.Bootstrap.main(Bootstrap.java:413)
Caused by: java.lang.ClassNotFoundException: com.sun.faces.spi.InjectionProviderException
	at org.apache.catalina.loader.WebappClassLoader.loadClass(WebappClassLoader.java:1387)
	at org.apache.catalina.loader.WebappClassLoader.loadClass(WebappClassLoader.java:1233)
	... 22 more

