Mar 21, 2024 10:09:42 AM org.apache.catalina.core.StandardWrapperValve invoke
SEVERE: Servlet.service() for servlet jsp threw exception
The Struts dispatcher cannot be found.  This is usually caused by using Struts tags without the associated filter. Struts tags are only usable when the request has passed through its servlet filter, which initializes the Struts dispatcher needed for this tag. - [unknown location]
	at org.apache.struts2.views.jsp.TagUtils.getStack(TagUtils.java:60)
	at org.apache.struts2.views.jsp.StrutsBodyTagSupport.getStack(StrutsBodyTagSupport.java:44)
	at org.apache.struts2.views.jsp.ComponentTagSupport.doStartTag(ComponentTagSupport.java:48)
	at org.apache.jsp.Registerchoose_jsp._jspx_meth_st_005fform_005f0(Registerchoose_jsp.java:233)
	at org.apache.jsp.Registerchoose_jsp._jspService(Registerchoose_jsp.java:198)
	at org.apache.jasper.runtime.HttpJspBase.service(HttpJspBase.java:70)
	at javax.servlet.http.HttpServlet.service(HttpServlet.java:717)
	at org.apache.jasper.servlet.JspServletWrapper.service(JspServletWrapper.java:374)
	at org.apache.jasper.servlet.JspServlet.serviceJspFile(JspServlet.java:342)
	at org.apache.jasper.servlet.JspServlet.service(JspServlet.java:267)
	at javax.servlet.http.HttpServlet.service(HttpServlet.java:717)
	at org.apache.catalina.core.ApplicationFilterChain.internalDoFilter(ApplicationFilterChain.java:290)
	at org.apache.catalina.core.ApplicationFilterChain.doFilter(ApplicationFilterChain.java:206)
	at org.apache.catalina.core.StandardWrapperValve.invoke(StandardWrapperValve.java:233)
	at org.apache.catalina.core.StandardContextValve.invoke(StandardContextValve.java:191)
	at org.apache.catalina.core.StandardHostValve.invoke(StandardHostValve.java:128)
	at org.apache.catalina.valves.ErrorReportValve.invoke(ErrorReportValve.java:102)
	at org.apache.catalina.core.StandardEngineValve.invoke(StandardEngineValve.java:109)
	at org.apache.catalina.connector.CoyoteAdapter.service(CoyoteAdapter.java:293)
	at org.apache.coyote.http11.Http11Processor.process(Http11Processor.java:849)
	at org.apache.coyote.http11.Http11Protocol$Http11ConnectionHandler.process(Http11Protocol.java:583)
	at org.apache.tomcat.util.net.JIoEndpoint$Worker.run(JIoEndpoint.java:454)
	at java.lang.Thread.run(Unknown Source)

Mar 21, 2024 10:09:48 AM org.apache.catalina.core.StandardWrapperValve invoke
SEVERE: Servlet.service() for servlet jsp threw exception
The Struts dispatcher cannot be found.  This is usually caused by using Struts tags without the associated filter. Struts tags are only usable when the request has passed through its servlet filter, which initializes the Struts dispatcher needed for this tag. - [unknown location]
	at org.apache.struts2.views.jsp.TagUtils.getStack(TagUtils.java:60)
	at org.apache.struts2.views.jsp.StrutsBodyTagSupport.getStack(StrutsBodyTagSupport.java:44)
	at org.apache.struts2.views.jsp.ComponentTagSupport.doStartTag(ComponentTagSupport.java:48)
	at org.apache.jsp.Registerchoose_jsp._jspx_meth_st_005fform_005f0(Registerchoose_jsp.java:233)
	at org.apache.jsp.Registerchoose_jsp._jspService(Registerchoose_jsp.java:198)
	at org.apache.jasper.runtime.HttpJspBase.service(HttpJspBase.java:70)
	at javax.servlet.http.HttpServlet.service(HttpServlet.java:717)
	at org.apache.jasper.servlet.JspServletWrapper.service(JspServletWrapper.java:374)
	at org.apache.jasper.servlet.JspServlet.serviceJspFile(JspServlet.java:342)
	at org.apache.jasper.servlet.JspServlet.service(JspServlet.java:267)
	at javax.servlet.http.HttpServlet.service(HttpServlet.java:717)
	at org.apache.catalina.core.ApplicationFilterChain.internalDoFilter(ApplicationFilterChain.java:290)
	at org.apache.catalina.core.ApplicationFilterChain.doFilter(ApplicationFilterChain.java:206)
	at org.apache.catalina.core.StandardWrapperValve.invoke(StandardWrapperValve.java:233)
	at org.apache.catalina.core.StandardContextValve.invoke(StandardContextValve.java:191)
	at org.apache.catalina.core.StandardHostValve.invoke(StandardHostValve.java:128)
	at org.apache.catalina.valves.ErrorReportValve.invoke(ErrorReportValve.java:102)
	at org.apache.catalina.core.StandardEngineValve.invoke(StandardEngineValve.java:109)
	at org.apache.catalina.connector.CoyoteAdapter.service(CoyoteAdapter.java:293)
	at org.apache.coyote.http11.Http11Processor.process(Http11Processor.java:849)
	at org.apache.coyote.http11.Http11Protocol$Http11ConnectionHandler.process(Http11Protocol.java:583)
	at org.apache.tomcat.util.net.JIoEndpoint$Worker.run(JIoEndpoint.java:454)
	at java.lang.Thread.run(Unknown Source)

Mar 21, 2024 10:09:54 AM org.apache.catalina.core.StandardWrapperValve invoke
SEVERE: Servlet.service() for servlet jsp threw exception
The Struts dispatcher cannot be found.  This is usually caused by using Struts tags without the associated filter. Struts tags are only usable when the request has passed through its servlet filter, which initializes the Struts dispatcher needed for this tag. - [unknown location]
	at org.apache.struts2.views.jsp.TagUtils.getStack(TagUtils.java:60)
	at org.apache.struts2.views.jsp.StrutsBodyTagSupport.getStack(StrutsBodyTagSupport.java:44)
	at org.apache.struts2.views.jsp.ComponentTagSupport.doStartTag(ComponentTagSupport.java:48)
	at org.apache.jsp.Registerchoose_jsp._jspx_meth_st_005fform_005f0(Registerchoose_jsp.java:233)
	at org.apache.jsp.Registerchoose_jsp._jspService(Registerchoose_jsp.java:198)
	at org.apache.jasper.runtime.HttpJspBase.service(HttpJspBase.java:70)
	at javax.servlet.http.HttpServlet.service(HttpServlet.java:717)
	at org.apache.jasper.servlet.JspServletWrapper.service(JspServletWrapper.java:374)
	at org.apache.jasper.servlet.JspServlet.serviceJspFile(JspServlet.java:342)
	at org.apache.jasper.servlet.JspServlet.service(JspServlet.java:267)
	at javax.servlet.http.HttpServlet.service(HttpServlet.java:717)
	at org.apache.catalina.core.ApplicationFilterChain.internalDoFilter(ApplicationFilterChain.java:290)
	at org.apache.catalina.core.ApplicationFilterChain.doFilter(ApplicationFilterChain.java:206)
	at org.apache.catalina.core.StandardWrapperValve.invoke(StandardWrapperValve.java:233)
	at org.apache.catalina.core.StandardContextValve.invoke(StandardContextValve.java:191)
	at org.apache.catalina.core.StandardHostValve.invoke(StandardHostValve.java:128)
	at org.apache.catalina.valves.ErrorReportValve.invoke(ErrorReportValve.java:102)
	at org.apache.catalina.core.StandardEngineValve.invoke(StandardEngineValve.java:109)
	at org.apache.catalina.connector.CoyoteAdapter.service(CoyoteAdapter.java:293)
	at org.apache.coyote.http11.Http11Processor.process(Http11Processor.java:849)
	at org.apache.coyote.http11.Http11Protocol$Http11ConnectionHandler.process(Http11Protocol.java:583)
	at org.apache.tomcat.util.net.JIoEndpoint$Worker.run(JIoEndpoint.java:454)
	at java.lang.Thread.run(Unknown Source)

Mar 21, 2024 10:09:56 AM org.apache.catalina.core.StandardWrapperValve invoke
SEVERE: Servlet.service() for servlet jsp threw exception
The Struts dispatcher cannot be found.  This is usually caused by using Struts tags without the associated filter. Struts tags are only usable when the request has passed through its servlet filter, which initializes the Struts dispatcher needed for this tag. - [unknown location]
	at org.apache.struts2.views.jsp.TagUtils.getStack(TagUtils.java:60)
	at org.apache.struts2.views.jsp.StrutsBodyTagSupport.getStack(StrutsBodyTagSupport.java:44)
	at org.apache.struts2.views.jsp.ComponentTagSupport.doStartTag(ComponentTagSupport.java:48)
	at org.apache.jsp.Registerchoose_jsp._jspx_meth_st_005fform_005f0(Registerchoose_jsp.java:233)
	at org.apache.jsp.Registerchoose_jsp._jspService(Registerchoose_jsp.java:198)
	at org.apache.jasper.runtime.HttpJspBase.service(HttpJspBase.java:70)
	at javax.servlet.http.HttpServlet.service(HttpServlet.java:717)
	at org.apache.jasper.servlet.JspServletWrapper.service(JspServletWrapper.java:374)
	at org.apache.jasper.servlet.JspServlet.serviceJspFile(JspServlet.java:342)
	at org.apache.jasper.servlet.JspServlet.service(JspServlet.java:267)
	at javax.servlet.http.HttpServlet.service(HttpServlet.java:717)
	at org.apache.catalina.core.ApplicationFilterChain.internalDoFilter(ApplicationFilterChain.java:290)
	at org.apache.catalina.core.ApplicationFilterChain.doFilter(ApplicationFilterChain.java:206)
	at org.apache.catalina.core.StandardWrapperValve.invoke(StandardWrapperValve.java:233)
	at org.apache.catalina.core.StandardContextValve.invoke(StandardContextValve.java:191)
	at org.apache.catalina.core.StandardHostValve.invoke(StandardHostValve.java:128)
	at org.apache.catalina.valves.ErrorReportValve.invoke(ErrorReportValve.java:102)
	at org.apache.catalina.core.StandardEngineValve.invoke(StandardEngineValve.java:109)
	at org.apache.catalina.connector.CoyoteAdapter.service(CoyoteAdapter.java:293)
	at org.apache.coyote.http11.Http11Processor.process(Http11Processor.java:849)
	at org.apache.coyote.http11.Http11Protocol$Http11ConnectionHandler.process(Http11Protocol.java:583)
	at org.apache.tomcat.util.net.JIoEndpoint$Worker.run(JIoEndpoint.java:454)
	at java.lang.Thread.run(Unknown Source)

Mar 21, 2024 10:09:58 AM org.apache.catalina.core.StandardWrapperValve invoke
SEVERE: Servlet.service() for servlet jsp threw exception
The Struts dispatcher cannot be found.  This is usually caused by using Struts tags without the associated filter. Struts tags are only usable when the request has passed through its servlet filter, which initializes the Struts dispatcher needed for this tag. - [unknown location]
	at org.apache.struts2.views.jsp.TagUtils.getStack(TagUtils.java:60)
	at org.apache.struts2.views.jsp.StrutsBodyTagSupport.getStack(StrutsBodyTagSupport.java:44)
	at org.apache.struts2.views.jsp.ComponentTagSupport.doStartTag(ComponentTagSupport.java:48)
	at org.apache.jsp.Registerchoose_jsp._jspx_meth_st_005fform_005f0(Registerchoose_jsp.java:233)
	at org.apache.jsp.Registerchoose_jsp._jspService(Registerchoose_jsp.java:198)
	at org.apache.jasper.runtime.HttpJspBase.service(HttpJspBase.java:70)
	at javax.servlet.http.HttpServlet.service(HttpServlet.java:717)
	at org.apache.jasper.servlet.JspServletWrapper.service(JspServletWrapper.java:374)
	at org.apache.jasper.servlet.JspServlet.serviceJspFile(JspServlet.java:342)
	at org.apache.jasper.servlet.JspServlet.service(JspServlet.java:267)
	at javax.servlet.http.HttpServlet.service(HttpServlet.java:717)
	at org.apache.catalina.core.ApplicationFilterChain.internalDoFilter(ApplicationFilterChain.java:290)
	at org.apache.catalina.core.ApplicationFilterChain.doFilter(ApplicationFilterChain.java:206)
	at org.apache.catalina.core.StandardWrapperValve.invoke(StandardWrapperValve.java:233)
	at org.apache.catalina.core.StandardContextValve.invoke(StandardContextValve.java:191)
	at org.apache.catalina.core.StandardHostValve.invoke(StandardHostValve.java:128)
	at org.apache.catalina.valves.ErrorReportValve.invoke(ErrorReportValve.java:102)
	at org.apache.catalina.core.StandardEngineValve.invoke(StandardEngineValve.java:109)
	at org.apache.catalina.connector.CoyoteAdapter.service(CoyoteAdapter.java:293)
	at org.apache.coyote.http11.Http11Processor.process(Http11Processor.java:849)
	at org.apache.coyote.http11.Http11Protocol$Http11ConnectionHandler.process(Http11Protocol.java:583)
	at org.apache.tomcat.util.net.JIoEndpoint$Worker.run(JIoEndpoint.java:454)
	at java.lang.Thread.run(Unknown Source)

Mar 21, 2024 10:09:59 AM org.apache.catalina.core.StandardWrapperValve invoke
SEVERE: Servlet.service() for servlet jsp threw exception
The Struts dispatcher cannot be found.  This is usually caused by using Struts tags without the associated filter. Struts tags are only usable when the request has passed through its servlet filter, which initializes the Struts dispatcher needed for this tag. - [unknown location]
	at org.apache.struts2.views.jsp.TagUtils.getStack(TagUtils.java:60)
	at org.apache.struts2.views.jsp.StrutsBodyTagSupport.getStack(StrutsBodyTagSupport.java:44)
	at org.apache.struts2.views.jsp.ComponentTagSupport.doStartTag(ComponentTagSupport.java:48)
	at org.apache.jsp.Registerchoose_jsp._jspx_meth_st_005fform_005f0(Registerchoose_jsp.java:233)
	at org.apache.jsp.Registerchoose_jsp._jspService(Registerchoose_jsp.java:198)
	at org.apache.jasper.runtime.HttpJspBase.service(HttpJspBase.java:70)
	at javax.servlet.http.HttpServlet.service(HttpServlet.java:717)
	at org.apache.jasper.servlet.JspServletWrapper.service(JspServletWrapper.java:374)
	at org.apache.jasper.servlet.JspServlet.serviceJspFile(JspServlet.java:342)
	at org.apache.jasper.servlet.JspServlet.service(JspServlet.java:267)
	at javax.servlet.http.HttpServlet.service(HttpServlet.java:717)
	at org.apache.catalina.core.ApplicationFilterChain.internalDoFilter(ApplicationFilterChain.java:290)
	at org.apache.catalina.core.ApplicationFilterChain.doFilter(ApplicationFilterChain.java:206)
	at org.apache.catalina.core.StandardWrapperValve.invoke(StandardWrapperValve.java:233)
	at org.apache.catalina.core.StandardContextValve.invoke(StandardContextValve.java:191)
	at org.apache.catalina.core.StandardHostValve.invoke(StandardHostValve.java:128)
	at org.apache.catalina.valves.ErrorReportValve.invoke(ErrorReportValve.java:102)
	at org.apache.catalina.core.StandardEngineValve.invoke(StandardEngineValve.java:109)
	at org.apache.catalina.connector.CoyoteAdapter.service(CoyoteAdapter.java:293)
	at org.apache.coyote.http11.Http11Processor.process(Http11Processor.java:849)
	at org.apache.coyote.http11.Http11Protocol$Http11ConnectionHandler.process(Http11Protocol.java:583)
	at org.apache.tomcat.util.net.JIoEndpoint$Worker.run(JIoEndpoint.java:454)
	at java.lang.Thread.run(Unknown Source)

Mar 21, 2024 10:10:00 AM org.apache.catalina.core.StandardWrapperValve invoke
SEVERE: Servlet.service() for servlet jsp threw exception
The Struts dispatcher cannot be found.  This is usually caused by using Struts tags without the associated filter. Struts tags are only usable when the request has passed through its servlet filter, which initializes the Struts dispatcher needed for this tag. - [unknown location]
	at org.apache.struts2.views.jsp.TagUtils.getStack(TagUtils.java:60)
	at org.apache.struts2.views.jsp.StrutsBodyTagSupport.getStack(StrutsBodyTagSupport.java:44)
	at org.apache.struts2.views.jsp.ComponentTagSupport.doStartTag(ComponentTagSupport.java:48)
	at org.apache.jsp.Registerchoose_jsp._jspx_meth_st_005fform_005f0(Registerchoose_jsp.java:233)
	at org.apache.jsp.Registerchoose_jsp._jspService(Registerchoose_jsp.java:198)
	at org.apache.jasper.runtime.HttpJspBase.service(HttpJspBase.java:70)
	at javax.servlet.http.HttpServlet.service(HttpServlet.java:717)
	at org.apache.jasper.servlet.JspServletWrapper.service(JspServletWrapper.java:374)
	at org.apache.jasper.servlet.JspServlet.serviceJspFile(JspServlet.java:342)
	at org.apache.jasper.servlet.JspServlet.service(JspServlet.java:267)
	at javax.servlet.http.HttpServlet.service(HttpServlet.java:717)
	at org.apache.catalina.core.ApplicationFilterChain.internalDoFilter(ApplicationFilterChain.java:290)
	at org.apache.catalina.core.ApplicationFilterChain.doFilter(ApplicationFilterChain.java:206)
	at org.apache.catalina.core.StandardWrapperValve.invoke(StandardWrapperValve.java:233)
	at org.apache.catalina.core.StandardContextValve.invoke(StandardContextValve.java:191)
	at org.apache.catalina.core.StandardHostValve.invoke(StandardHostValve.java:128)
	at org.apache.catalina.valves.ErrorReportValve.invoke(ErrorReportValve.java:102)
	at org.apache.catalina.core.StandardEngineValve.invoke(StandardEngineValve.java:109)
	at org.apache.catalina.connector.CoyoteAdapter.service(CoyoteAdapter.java:293)
	at org.apache.coyote.http11.Http11Processor.process(Http11Processor.java:849)
	at org.apache.coyote.http11.Http11Protocol$Http11ConnectionHandler.process(Http11Protocol.java:583)
	at org.apache.tomcat.util.net.JIoEndpoint$Worker.run(JIoEndpoint.java:454)
	at java.lang.Thread.run(Unknown Source)

Mar 21, 2024 10:10:00 AM org.apache.catalina.core.StandardWrapperValve invoke
SEVERE: Servlet.service() for servlet jsp threw exception
The Struts dispatcher cannot be found.  This is usually caused by using Struts tags without the associated filter. Struts tags are only usable when the request has passed through its servlet filter, which initializes the Struts dispatcher needed for this tag. - [unknown location]
	at org.apache.struts2.views.jsp.TagUtils.getStack(TagUtils.java:60)
	at org.apache.struts2.views.jsp.StrutsBodyTagSupport.getStack(StrutsBodyTagSupport.java:44)
	at org.apache.struts2.views.jsp.ComponentTagSupport.doStartTag(ComponentTagSupport.java:48)
	at org.apache.jsp.Registerchoose_jsp._jspx_meth_st_005fform_005f0(Registerchoose_jsp.java:233)
	at org.apache.jsp.Registerchoose_jsp._jspService(Registerchoose_jsp.java:198)
	at org.apache.jasper.runtime.HttpJspBase.service(HttpJspBase.java:70)
	at javax.servlet.http.HttpServlet.service(HttpServlet.java:717)
	at org.apache.jasper.servlet.JspServletWrapper.service(JspServletWrapper.java:374)
	at org.apache.jasper.servlet.JspServlet.serviceJspFile(JspServlet.java:342)
	at org.apache.jasper.servlet.JspServlet.service(JspServlet.java:267)
	at javax.servlet.http.HttpServlet.service(HttpServlet.java:717)
	at org.apache.catalina.core.ApplicationFilterChain.internalDoFilter(ApplicationFilterChain.java:290)
	at org.apache.catalina.core.ApplicationFilterChain.doFilter(ApplicationFilterChain.java:206)
	at org.apache.catalina.core.StandardWrapperValve.invoke(StandardWrapperValve.java:233)
	at org.apache.catalina.core.StandardContextValve.invoke(StandardContextValve.java:191)
	at org.apache.catalina.core.StandardHostValve.invoke(StandardHostValve.java:128)
	at org.apache.catalina.valves.ErrorReportValve.invoke(ErrorReportValve.java:102)
	at org.apache.catalina.core.StandardEngineValve.invoke(StandardEngineValve.java:109)
	at org.apache.catalina.connector.CoyoteAdapter.service(CoyoteAdapter.java:293)
	at org.apache.coyote.http11.Http11Processor.process(Http11Processor.java:849)
	at org.apache.coyote.http11.Http11Protocol$Http11ConnectionHandler.process(Http11Protocol.java:583)
	at org.apache.tomcat.util.net.JIoEndpoint$Worker.run(JIoEndpoint.java:454)
	at java.lang.Thread.run(Unknown Source)

Mar 21, 2024 10:10:02 AM org.apache.catalina.core.StandardWrapperValve invoke
SEVERE: Servlet.service() for servlet jsp threw exception
The Struts dispatcher cannot be found.  This is usually caused by using Struts tags without the associated filter. Struts tags are only usable when the request has passed through its servlet filter, which initializes the Struts dispatcher needed for this tag. - [unknown location]
	at org.apache.struts2.views.jsp.TagUtils.getStack(TagUtils.java:60)
	at org.apache.struts2.views.jsp.StrutsBodyTagSupport.getStack(StrutsBodyTagSupport.java:44)
	at org.apache.struts2.views.jsp.ComponentTagSupport.doStartTag(ComponentTagSupport.java:48)
	at org.apache.jsp.Registerchoose_jsp._jspx_meth_st_005fform_005f0(Registerchoose_jsp.java:233)
	at org.apache.jsp.Registerchoose_jsp._jspService(Registerchoose_jsp.java:198)
	at org.apache.jasper.runtime.HttpJspBase.service(HttpJspBase.java:70)
	at javax.servlet.http.HttpServlet.service(HttpServlet.java:717)
	at org.apache.jasper.servlet.JspServletWrapper.service(JspServletWrapper.java:374)
	at org.apache.jasper.servlet.JspServlet.serviceJspFile(JspServlet.java:342)
	at org.apache.jasper.servlet.JspServlet.service(JspServlet.java:267)
	at javax.servlet.http.HttpServlet.service(HttpServlet.java:717)
	at org.apache.catalina.core.ApplicationFilterChain.internalDoFilter(ApplicationFilterChain.java:290)
	at org.apache.catalina.core.ApplicationFilterChain.doFilter(ApplicationFilterChain.java:206)
	at org.apache.catalina.core.StandardWrapperValve.invoke(StandardWrapperValve.java:233)
	at org.apache.catalina.core.StandardContextValve.invoke(StandardContextValve.java:191)
	at org.apache.catalina.core.StandardHostValve.invoke(StandardHostValve.java:128)
	at org.apache.catalina.valves.ErrorReportValve.invoke(ErrorReportValve.java:102)
	at org.apache.catalina.core.StandardEngineValve.invoke(StandardEngineValve.java:109)
	at org.apache.catalina.connector.CoyoteAdapter.service(CoyoteAdapter.java:293)
	at org.apache.coyote.http11.Http11Processor.process(Http11Processor.java:849)
	at org.apache.coyote.http11.Http11Protocol$Http11ConnectionHandler.process(Http11Protocol.java:583)
	at org.apache.tomcat.util.net.JIoEndpoint$Worker.run(JIoEndpoint.java:454)
	at java.lang.Thread.run(Unknown Source)

Mar 21, 2024 10:10:54 AM org.apache.catalina.core.StandardWrapperValve invoke
SEVERE: Servlet.service() for servlet jsp threw exception
The Struts dispatcher cannot be found.  This is usually caused by using Struts tags without the associated filter. Struts tags are only usable when the request has passed through its servlet filter, which initializes the Struts dispatcher needed for this tag. - [unknown location]
	at org.apache.struts2.views.jsp.TagUtils.getStack(TagUtils.java:60)
	at org.apache.struts2.views.jsp.StrutsBodyTagSupport.getStack(StrutsBodyTagSupport.java:44)
	at org.apache.struts2.views.jsp.ComponentTagSupport.doStartTag(ComponentTagSupport.java:48)
	at org.apache.jsp.Registerchoose_jsp._jspx_meth_st_005fform_005f0(Registerchoose_jsp.java:233)
	at org.apache.jsp.Registerchoose_jsp._jspService(Registerchoose_jsp.java:198)
	at org.apache.jasper.runtime.HttpJspBase.service(HttpJspBase.java:70)
	at javax.servlet.http.HttpServlet.service(HttpServlet.java:717)
	at org.apache.jasper.servlet.JspServletWrapper.service(JspServletWrapper.java:374)
	at org.apache.jasper.servlet.JspServlet.serviceJspFile(JspServlet.java:342)
	at org.apache.jasper.servlet.JspServlet.service(JspServlet.java:267)
	at javax.servlet.http.HttpServlet.service(HttpServlet.java:717)
	at org.apache.catalina.core.ApplicationFilterChain.internalDoFilter(ApplicationFilterChain.java:290)
	at org.apache.catalina.core.ApplicationFilterChain.doFilter(ApplicationFilterChain.java:206)
	at org.apache.catalina.core.StandardWrapperValve.invoke(StandardWrapperValve.java:233)
	at org.apache.catalina.core.StandardContextValve.invoke(StandardContextValve.java:191)
	at org.apache.catalina.core.StandardHostValve.invoke(StandardHostValve.java:128)
	at org.apache.catalina.valves.ErrorReportValve.invoke(ErrorReportValve.java:102)
	at org.apache.catalina.core.StandardEngineValve.invoke(StandardEngineValve.java:109)
	at org.apache.catalina.connector.CoyoteAdapter.service(CoyoteAdapter.java:293)
	at org.apache.coyote.http11.Http11Processor.process(Http11Processor.java:849)
	at org.apache.coyote.http11.Http11Protocol$Http11ConnectionHandler.process(Http11Protocol.java:583)
	at org.apache.tomcat.util.net.JIoEndpoint$Worker.run(JIoEndpoint.java:454)
	at java.lang.Thread.run(Unknown Source)

Mar 21, 2024 10:10:57 AM org.apache.catalina.core.StandardWrapperValve invoke
SEVERE: Servlet.service() for servlet jsp threw exception
The Struts dispatcher cannot be found.  This is usually caused by using Struts tags without the associated filter. Struts tags are only usable when the request has passed through its servlet filter, which initializes the Struts dispatcher needed for this tag. - [unknown location]
	at org.apache.struts2.views.jsp.TagUtils.getStack(TagUtils.java:60)
	at org.apache.struts2.views.jsp.StrutsBodyTagSupport.getStack(StrutsBodyTagSupport.java:44)
	at org.apache.struts2.views.jsp.ComponentTagSupport.doStartTag(ComponentTagSupport.java:48)
	at org.apache.jsp.Registerchoose_jsp._jspx_meth_st_005fform_005f0(Registerchoose_jsp.java:233)
	at org.apache.jsp.Registerchoose_jsp._jspService(Registerchoose_jsp.java:198)
	at org.apache.jasper.runtime.HttpJspBase.service(HttpJspBase.java:70)
	at javax.servlet.http.HttpServlet.service(HttpServlet.java:717)
	at org.apache.jasper.servlet.JspServletWrapper.service(JspServletWrapper.java:374)
	at org.apache.jasper.servlet.JspServlet.serviceJspFile(JspServlet.java:342)
	at org.apache.jasper.servlet.JspServlet.service(JspServlet.java:267)
	at javax.servlet.http.HttpServlet.service(HttpServlet.java:717)
	at org.apache.catalina.core.ApplicationFilterChain.internalDoFilter(ApplicationFilterChain.java:290)
	at org.apache.catalina.core.ApplicationFilterChain.doFilter(ApplicationFilterChain.java:206)
	at org.apache.catalina.core.StandardWrapperValve.invoke(StandardWrapperValve.java:233)
	at org.apache.catalina.core.StandardContextValve.invoke(StandardContextValve.java:191)
	at org.apache.catalina.core.StandardHostValve.invoke(StandardHostValve.java:128)
	at org.apache.catalina.valves.ErrorReportValve.invoke(ErrorReportValve.java:102)
	at org.apache.catalina.core.StandardEngineValve.invoke(StandardEngineValve.java:109)
	at org.apache.catalina.connector.CoyoteAdapter.service(CoyoteAdapter.java:293)
	at org.apache.coyote.http11.Http11Processor.process(Http11Processor.java:849)
	at org.apache.coyote.http11.Http11Protocol$Http11ConnectionHandler.process(Http11Protocol.java:583)
	at org.apache.tomcat.util.net.JIoEndpoint$Worker.run(JIoEndpoint.java:454)
	at java.lang.Thread.run(Unknown Source)

Mar 21, 2024 10:11:00 AM org.apache.catalina.core.StandardWrapperValve invoke
SEVERE: Servlet.service() for servlet jsp threw exception
The Struts dispatcher cannot be found.  This is usually caused by using Struts tags without the associated filter. Struts tags are only usable when the request has passed through its servlet filter, which initializes the Struts dispatcher needed for this tag. - [unknown location]
	at org.apache.struts2.views.jsp.TagUtils.getStack(TagUtils.java:60)
	at org.apache.struts2.views.jsp.StrutsBodyTagSupport.getStack(StrutsBodyTagSupport.java:44)
	at org.apache.struts2.views.jsp.ComponentTagSupport.doStartTag(ComponentTagSupport.java:48)
	at org.apache.jsp.Registerchoose_jsp._jspx_meth_st_005fform_005f0(Registerchoose_jsp.java:233)
	at org.apache.jsp.Registerchoose_jsp._jspService(Registerchoose_jsp.java:198)
	at org.apache.jasper.runtime.HttpJspBase.service(HttpJspBase.java:70)
	at javax.servlet.http.HttpServlet.service(HttpServlet.java:717)
	at org.apache.jasper.servlet.JspServletWrapper.service(JspServletWrapper.java:374)
	at org.apache.jasper.servlet.JspServlet.serviceJspFile(JspServlet.java:342)
	at org.apache.jasper.servlet.JspServlet.service(JspServlet.java:267)
	at javax.servlet.http.HttpServlet.service(HttpServlet.java:717)
	at org.apache.catalina.core.ApplicationFilterChain.internalDoFilter(ApplicationFilterChain.java:290)
	at org.apache.catalina.core.ApplicationFilterChain.doFilter(ApplicationFilterChain.java:206)
	at org.apache.catalina.core.StandardWrapperValve.invoke(StandardWrapperValve.java:233)
	at org.apache.catalina.core.StandardContextValve.invoke(StandardContextValve.java:191)
	at org.apache.catalina.core.StandardHostValve.invoke(StandardHostValve.java:128)
	at org.apache.catalina.valves.ErrorReportValve.invoke(ErrorReportValve.java:102)
	at org.apache.catalina.core.StandardEngineValve.invoke(StandardEngineValve.java:109)
	at org.apache.catalina.connector.CoyoteAdapter.service(CoyoteAdapter.java:293)
	at org.apache.coyote.http11.Http11Processor.process(Http11Processor.java:849)
	at org.apache.coyote.http11.Http11Protocol$Http11ConnectionHandler.process(Http11Protocol.java:583)
	at org.apache.tomcat.util.net.JIoEndpoint$Worker.run(JIoEndpoint.java:454)
	at java.lang.Thread.run(Unknown Source)

Mar 21, 2024 10:11:08 AM org.apache.catalina.core.StandardWrapperValve invoke
SEVERE: Servlet.service() for servlet jsp threw exception
The Struts dispatcher cannot be found.  This is usually caused by using Struts tags without the associated filter. Struts tags are only usable when the request has passed through its servlet filter, which initializes the Struts dispatcher needed for this tag. - [unknown location]
	at org.apache.struts2.views.jsp.TagUtils.getStack(TagUtils.java:60)
	at org.apache.struts2.views.jsp.StrutsBodyTagSupport.getStack(StrutsBodyTagSupport.java:44)
	at org.apache.struts2.views.jsp.ComponentTagSupport.doStartTag(ComponentTagSupport.java:48)
	at org.apache.jsp.Registerchoose_jsp._jspx_meth_st_005fform_005f0(Registerchoose_jsp.java:233)
	at org.apache.jsp.Registerchoose_jsp._jspService(Registerchoose_jsp.java:198)
	at org.apache.jasper.runtime.HttpJspBase.service(HttpJspBase.java:70)
	at javax.servlet.http.HttpServlet.service(HttpServlet.java:717)
	at org.apache.jasper.servlet.JspServletWrapper.service(JspServletWrapper.java:374)
	at org.apache.jasper.servlet.JspServlet.serviceJspFile(JspServlet.java:342)
	at org.apache.jasper.servlet.JspServlet.service(JspServlet.java:267)
	at javax.servlet.http.HttpServlet.service(HttpServlet.java:717)
	at org.apache.catalina.core.ApplicationFilterChain.internalDoFilter(ApplicationFilterChain.java:290)
	at org.apache.catalina.core.ApplicationFilterChain.doFilter(ApplicationFilterChain.java:206)
	at org.apache.catalina.core.StandardWrapperValve.invoke(StandardWrapperValve.java:233)
	at org.apache.catalina.core.StandardContextValve.invoke(StandardContextValve.java:191)
	at org.apache.catalina.core.StandardHostValve.invoke(StandardHostValve.java:128)
	at org.apache.catalina.valves.ErrorReportValve.invoke(ErrorReportValve.java:102)
	at org.apache.catalina.core.StandardEngineValve.invoke(StandardEngineValve.java:109)
	at org.apache.catalina.connector.CoyoteAdapter.service(CoyoteAdapter.java:293)
	at org.apache.coyote.http11.Http11Processor.process(Http11Processor.java:849)
	at org.apache.coyote.http11.Http11Protocol$Http11ConnectionHandler.process(Http11Protocol.java:583)
	at org.apache.tomcat.util.net.JIoEndpoint$Worker.run(JIoEndpoint.java:454)
	at java.lang.Thread.run(Unknown Source)

Mar 21, 2024 10:11:12 AM org.apache.catalina.core.StandardWrapperValve invoke
SEVERE: Servlet.service() for servlet jsp threw exception
The Struts dispatcher cannot be found.  This is usually caused by using Struts tags without the associated filter. Struts tags are only usable when the request has passed through its servlet filter, which initializes the Struts dispatcher needed for this tag. - [unknown location]
	at org.apache.struts2.views.jsp.TagUtils.getStack(TagUtils.java:60)
	at org.apache.struts2.views.jsp.StrutsBodyTagSupport.getStack(StrutsBodyTagSupport.java:44)
	at org.apache.struts2.views.jsp.ComponentTagSupport.doStartTag(ComponentTagSupport.java:48)
	at org.apache.jsp.Registerchoose_jsp._jspx_meth_st_005fform_005f0(Registerchoose_jsp.java:233)
	at org.apache.jsp.Registerchoose_jsp._jspService(Registerchoose_jsp.java:198)
	at org.apache.jasper.runtime.HttpJspBase.service(HttpJspBase.java:70)
	at javax.servlet.http.HttpServlet.service(HttpServlet.java:717)
	at org.apache.jasper.servlet.JspServletWrapper.service(JspServletWrapper.java:374)
	at org.apache.jasper.servlet.JspServlet.serviceJspFile(JspServlet.java:342)
	at org.apache.jasper.servlet.JspServlet.service(JspServlet.java:267)
	at javax.servlet.http.HttpServlet.service(HttpServlet.java:717)
	at org.apache.catalina.core.ApplicationFilterChain.internalDoFilter(ApplicationFilterChain.java:290)
	at org.apache.catalina.core.ApplicationFilterChain.doFilter(ApplicationFilterChain.java:206)
	at org.apache.catalina.core.StandardWrapperValve.invoke(StandardWrapperValve.java:233)
	at org.apache.catalina.core.StandardContextValve.invoke(StandardContextValve.java:191)
	at org.apache.catalina.core.StandardHostValve.invoke(StandardHostValve.java:128)
	at org.apache.catalina.valves.ErrorReportValve.invoke(ErrorReportValve.java:102)
	at org.apache.catalina.core.StandardEngineValve.invoke(StandardEngineValve.java:109)
	at org.apache.catalina.connector.CoyoteAdapter.service(CoyoteAdapter.java:293)
	at org.apache.coyote.http11.Http11Processor.process(Http11Processor.java:849)
	at org.apache.coyote.http11.Http11Protocol$Http11ConnectionHandler.process(Http11Protocol.java:583)
	at org.apache.tomcat.util.net.JIoEndpoint$Worker.run(JIoEndpoint.java:454)
	at java.lang.Thread.run(Unknown Source)

Mar 21, 2024 10:11:14 AM org.apache.catalina.core.StandardWrapperValve invoke
SEVERE: Servlet.service() for servlet jsp threw exception
The Struts dispatcher cannot be found.  This is usually caused by using Struts tags without the associated filter. Struts tags are only usable when the request has passed through its servlet filter, which initializes the Struts dispatcher needed for this tag. - [unknown location]
	at org.apache.struts2.views.jsp.TagUtils.getStack(TagUtils.java:60)
	at org.apache.struts2.views.jsp.StrutsBodyTagSupport.getStack(StrutsBodyTagSupport.java:44)
	at org.apache.struts2.views.jsp.ComponentTagSupport.doStartTag(ComponentTagSupport.java:48)
	at org.apache.jsp.Registerchoose_jsp._jspx_meth_st_005fform_005f0(Registerchoose_jsp.java:233)
	at org.apache.jsp.Registerchoose_jsp._jspService(Registerchoose_jsp.java:198)
	at org.apache.jasper.runtime.HttpJspBase.service(HttpJspBase.java:70)
	at javax.servlet.http.HttpServlet.service(HttpServlet.java:717)
	at org.apache.jasper.servlet.JspServletWrapper.service(JspServletWrapper.java:374)
	at org.apache.jasper.servlet.JspServlet.serviceJspFile(JspServlet.java:342)
	at org.apache.jasper.servlet.JspServlet.service(JspServlet.java:267)
	at javax.servlet.http.HttpServlet.service(HttpServlet.java:717)
	at org.apache.catalina.core.ApplicationFilterChain.internalDoFilter(ApplicationFilterChain.java:290)
	at org.apache.catalina.core.ApplicationFilterChain.doFilter(ApplicationFilterChain.java:206)
	at org.apache.catalina.core.StandardWrapperValve.invoke(StandardWrapperValve.java:233)
	at org.apache.catalina.core.StandardContextValve.invoke(StandardContextValve.java:191)
	at org.apache.catalina.core.StandardHostValve.invoke(StandardHostValve.java:128)
	at org.apache.catalina.valves.ErrorReportValve.invoke(ErrorReportValve.java:102)
	at org.apache.catalina.core.StandardEngineValve.invoke(StandardEngineValve.java:109)
	at org.apache.catalina.connector.CoyoteAdapter.service(CoyoteAdapter.java:293)
	at org.apache.coyote.http11.Http11Processor.process(Http11Processor.java:849)
	at org.apache.coyote.http11.Http11Protocol$Http11ConnectionHandler.process(Http11Protocol.java:583)
	at org.apache.tomcat.util.net.JIoEndpoint$Worker.run(JIoEndpoint.java:454)
	at java.lang.Thread.run(Unknown Source)

Mar 21, 2024 10:11:16 AM org.apache.catalina.core.StandardWrapperValve invoke
SEVERE: Servlet.service() for servlet jsp threw exception
The Struts dispatcher cannot be found.  This is usually caused by using Struts tags without the associated filter. Struts tags are only usable when the request has passed through its servlet filter, which initializes the Struts dispatcher needed for this tag. - [unknown location]
	at org.apache.struts2.views.jsp.TagUtils.getStack(TagUtils.java:60)
	at org.apache.struts2.views.jsp.StrutsBodyTagSupport.getStack(StrutsBodyTagSupport.java:44)
	at org.apache.struts2.views.jsp.ComponentTagSupport.doStartTag(ComponentTagSupport.java:48)
	at org.apache.jsp.Registerchoose_jsp._jspx_meth_st_005fform_005f0(Registerchoose_jsp.java:233)
	at org.apache.jsp.Registerchoose_jsp._jspService(Registerchoose_jsp.java:198)
	at org.apache.jasper.runtime.HttpJspBase.service(HttpJspBase.java:70)
	at javax.servlet.http.HttpServlet.service(HttpServlet.java:717)
	at org.apache.jasper.servlet.JspServletWrapper.service(JspServletWrapper.java:374)
	at org.apache.jasper.servlet.JspServlet.serviceJspFile(JspServlet.java:342)
	at org.apache.jasper.servlet.JspServlet.service(JspServlet.java:267)
	at javax.servlet.http.HttpServlet.service(HttpServlet.java:717)
	at org.apache.catalina.core.ApplicationFilterChain.internalDoFilter(ApplicationFilterChain.java:290)
	at org.apache.catalina.core.ApplicationFilterChain.doFilter(ApplicationFilterChain.java:206)
	at org.apache.catalina.core.StandardWrapperValve.invoke(StandardWrapperValve.java:233)
	at org.apache.catalina.core.StandardContextValve.invoke(StandardContextValve.java:191)
	at org.apache.catalina.core.StandardHostValve.invoke(StandardHostValve.java:128)
	at org.apache.catalina.valves.ErrorReportValve.invoke(ErrorReportValve.java:102)
	at org.apache.catalina.core.StandardEngineValve.invoke(StandardEngineValve.java:109)
	at org.apache.catalina.connector.CoyoteAdapter.service(CoyoteAdapter.java:293)
	at org.apache.coyote.http11.Http11Processor.process(Http11Processor.java:849)
	at org.apache.coyote.http11.Http11Protocol$Http11ConnectionHandler.process(Http11Protocol.java:583)
	at org.apache.tomcat.util.net.JIoEndpoint$Worker.run(JIoEndpoint.java:454)
	at java.lang.Thread.run(Unknown Source)

Mar 21, 2024 10:11:20 AM org.apache.catalina.core.StandardWrapperValve invoke
SEVERE: Servlet.service() for servlet jsp threw exception
The Struts dispatcher cannot be found.  This is usually caused by using Struts tags without the associated filter. Struts tags are only usable when the request has passed through its servlet filter, which initializes the Struts dispatcher needed for this tag. - [unknown location]
	at org.apache.struts2.views.jsp.TagUtils.getStack(TagUtils.java:60)
	at org.apache.struts2.views.jsp.StrutsBodyTagSupport.getStack(StrutsBodyTagSupport.java:44)
	at org.apache.struts2.views.jsp.ComponentTagSupport.doStartTag(ComponentTagSupport.java:48)
	at org.apache.jsp.Registerchoose_jsp._jspx_meth_st_005fform_005f0(Registerchoose_jsp.java:233)
	at org.apache.jsp.Registerchoose_jsp._jspService(Registerchoose_jsp.java:198)
	at org.apache.jasper.runtime.HttpJspBase.service(HttpJspBase.java:70)
	at javax.servlet.http.HttpServlet.service(HttpServlet.java:717)
	at org.apache.jasper.servlet.JspServletWrapper.service(JspServletWrapper.java:374)
	at org.apache.jasper.servlet.JspServlet.serviceJspFile(JspServlet.java:342)
	at org.apache.jasper.servlet.JspServlet.service(JspServlet.java:267)
	at javax.servlet.http.HttpServlet.service(HttpServlet.java:717)
	at org.apache.catalina.core.ApplicationFilterChain.internalDoFilter(ApplicationFilterChain.java:290)
	at org.apache.catalina.core.ApplicationFilterChain.doFilter(ApplicationFilterChain.java:206)
	at org.apache.catalina.core.StandardWrapperValve.invoke(StandardWrapperValve.java:233)
	at org.apache.catalina.core.StandardContextValve.invoke(StandardContextValve.java:191)
	at org.apache.catalina.core.StandardHostValve.invoke(StandardHostValve.java:128)
	at org.apache.catalina.valves.ErrorReportValve.invoke(ErrorReportValve.java:102)
	at org.apache.catalina.core.StandardEngineValve.invoke(StandardEngineValve.java:109)
	at org.apache.catalina.connector.CoyoteAdapter.service(CoyoteAdapter.java:293)
	at org.apache.coyote.http11.Http11Processor.process(Http11Processor.java:849)
	at org.apache.coyote.http11.Http11Protocol$Http11ConnectionHandler.process(Http11Protocol.java:583)
	at org.apache.tomcat.util.net.JIoEndpoint$Worker.run(JIoEndpoint.java:454)
	at java.lang.Thread.run(Unknown Source)

Mar 21, 2024 10:11:23 AM org.apache.catalina.core.StandardWrapperValve invoke
SEVERE: Servlet.service() for servlet jsp threw exception
The Struts dispatcher cannot be found.  This is usually caused by using Struts tags without the associated filter. Struts tags are only usable when the request has passed through its servlet filter, which initializes the Struts dispatcher needed for this tag. - [unknown location]
	at org.apache.struts2.views.jsp.TagUtils.getStack(TagUtils.java:60)
	at org.apache.struts2.views.jsp.StrutsBodyTagSupport.getStack(StrutsBodyTagSupport.java:44)
	at org.apache.struts2.views.jsp.ComponentTagSupport.doStartTag(ComponentTagSupport.java:48)
	at org.apache.jsp.Registerchoose_jsp._jspx_meth_st_005fform_005f0(Registerchoose_jsp.java:233)
	at org.apache.jsp.Registerchoose_jsp._jspService(Registerchoose_jsp.java:198)
	at org.apache.jasper.runtime.HttpJspBase.service(HttpJspBase.java:70)
	at javax.servlet.http.HttpServlet.service(HttpServlet.java:717)
	at org.apache.jasper.servlet.JspServletWrapper.service(JspServletWrapper.java:374)
	at org.apache.jasper.servlet.JspServlet.serviceJspFile(JspServlet.java:342)
	at org.apache.jasper.servlet.JspServlet.service(JspServlet.java:267)
	at javax.servlet.http.HttpServlet.service(HttpServlet.java:717)
	at org.apache.catalina.core.ApplicationFilterChain.internalDoFilter(ApplicationFilterChain.java:290)
	at org.apache.catalina.core.ApplicationFilterChain.doFilter(ApplicationFilterChain.java:206)
	at org.apache.catalina.core.StandardWrapperValve.invoke(StandardWrapperValve.java:233)
	at org.apache.catalina.core.StandardContextValve.invoke(StandardContextValve.java:191)
	at org.apache.catalina.core.StandardHostValve.invoke(StandardHostValve.java:128)
	at org.apache.catalina.valves.ErrorReportValve.invoke(ErrorReportValve.java:102)
	at org.apache.catalina.core.StandardEngineValve.invoke(StandardEngineValve.java:109)
	at org.apache.catalina.connector.CoyoteAdapter.service(CoyoteAdapter.java:293)
	at org.apache.coyote.http11.Http11Processor.process(Http11Processor.java:849)
	at org.apache.coyote.http11.Http11Protocol$Http11ConnectionHandler.process(Http11Protocol.java:583)
	at org.apache.tomcat.util.net.JIoEndpoint$Worker.run(JIoEndpoint.java:454)
	at java.lang.Thread.run(Unknown Source)

Mar 21, 2024 10:11:40 AM org.apache.catalina.core.StandardWrapperValve invoke
SEVERE: Servlet.service() for servlet jsp threw exception
The Struts dispatcher cannot be found.  This is usually caused by using Struts tags without the associated filter. Struts tags are only usable when the request has passed through its servlet filter, which initializes the Struts dispatcher needed for this tag. - [unknown location]
	at org.apache.struts2.views.jsp.TagUtils.getStack(TagUtils.java:60)
	at org.apache.struts2.views.jsp.StrutsBodyTagSupport.getStack(StrutsBodyTagSupport.java:44)
	at org.apache.struts2.views.jsp.ComponentTagSupport.doStartTag(ComponentTagSupport.java:48)
	at org.apache.jsp.Registerchoose_jsp._jspx_meth_st_005fform_005f0(Registerchoose_jsp.java:233)
	at org.apache.jsp.Registerchoose_jsp._jspService(Registerchoose_jsp.java:198)
	at org.apache.jasper.runtime.HttpJspBase.service(HttpJspBase.java:70)
	at javax.servlet.http.HttpServlet.service(HttpServlet.java:717)
	at org.apache.jasper.servlet.JspServletWrapper.service(JspServletWrapper.java:374)
	at org.apache.jasper.servlet.JspServlet.serviceJspFile(JspServlet.java:342)
	at org.apache.jasper.servlet.JspServlet.service(JspServlet.java:267)
	at javax.servlet.http.HttpServlet.service(HttpServlet.java:717)
	at org.apache.catalina.core.ApplicationFilterChain.internalDoFilter(ApplicationFilterChain.java:290)
	at org.apache.catalina.core.ApplicationFilterChain.doFilter(ApplicationFilterChain.java:206)
	at org.apache.catalina.core.StandardWrapperValve.invoke(StandardWrapperValve.java:233)
	at org.apache.catalina.core.StandardContextValve.invoke(StandardContextValve.java:191)
	at org.apache.catalina.core.StandardHostValve.invoke(StandardHostValve.java:128)
	at org.apache.catalina.valves.ErrorReportValve.invoke(ErrorReportValve.java:102)
	at org.apache.catalina.core.StandardEngineValve.invoke(StandardEngineValve.java:109)
	at org.apache.catalina.connector.CoyoteAdapter.service(CoyoteAdapter.java:293)
	at org.apache.coyote.http11.Http11Processor.process(Http11Processor.java:849)
	at org.apache.coyote.http11.Http11Protocol$Http11ConnectionHandler.process(Http11Protocol.java:583)
	at org.apache.tomcat.util.net.JIoEndpoint$Worker.run(JIoEndpoint.java:454)
	at java.lang.Thread.run(Unknown Source)

Mar 21, 2024 10:11:47 AM org.apache.catalina.core.StandardWrapperValve invoke
SEVERE: Servlet.service() for servlet jsp threw exception
The Struts dispatcher cannot be found.  This is usually caused by using Struts tags without the associated filter. Struts tags are only usable when the request has passed through its servlet filter, which initializes the Struts dispatcher needed for this tag. - [unknown location]
	at org.apache.struts2.views.jsp.TagUtils.getStack(TagUtils.java:60)
	at org.apache.struts2.views.jsp.StrutsBodyTagSupport.getStack(StrutsBodyTagSupport.java:44)
	at org.apache.struts2.views.jsp.ComponentTagSupport.doStartTag(ComponentTagSupport.java:48)
	at org.apache.jsp.Registerchoose_jsp._jspx_meth_st_005fform_005f0(Registerchoose_jsp.java:233)
	at org.apache.jsp.Registerchoose_jsp._jspService(Registerchoose_jsp.java:198)
	at org.apache.jasper.runtime.HttpJspBase.service(HttpJspBase.java:70)
	at javax.servlet.http.HttpServlet.service(HttpServlet.java:717)
	at org.apache.jasper.servlet.JspServletWrapper.service(JspServletWrapper.java:374)
	at org.apache.jasper.servlet.JspServlet.serviceJspFile(JspServlet.java:342)
	at org.apache.jasper.servlet.JspServlet.service(JspServlet.java:267)
	at javax.servlet.http.HttpServlet.service(HttpServlet.java:717)
	at org.apache.catalina.core.ApplicationFilterChain.internalDoFilter(ApplicationFilterChain.java:290)
	at org.apache.catalina.core.ApplicationFilterChain.doFilter(ApplicationFilterChain.java:206)
	at org.apache.catalina.core.StandardWrapperValve.invoke(StandardWrapperValve.java:233)
	at org.apache.catalina.core.StandardContextValve.invoke(StandardContextValve.java:191)
	at org.apache.catalina.core.StandardHostValve.invoke(StandardHostValve.java:128)
	at org.apache.catalina.valves.ErrorReportValve.invoke(ErrorReportValve.java:102)
	at org.apache.catalina.core.StandardEngineValve.invoke(StandardEngineValve.java:109)
	at org.apache.catalina.connector.CoyoteAdapter.service(CoyoteAdapter.java:293)
	at org.apache.coyote.http11.Http11Processor.process(Http11Processor.java:849)
	at org.apache.coyote.http11.Http11Protocol$Http11ConnectionHandler.process(Http11Protocol.java:583)
	at org.apache.tomcat.util.net.JIoEndpoint$Worker.run(JIoEndpoint.java:454)
	at java.lang.Thread.run(Unknown Source)

Mar 21, 2024 10:12:09 AM org.apache.catalina.core.StandardWrapperValve invoke
SEVERE: Servlet.service() for servlet jsp threw exception
The Struts dispatcher cannot be found.  This is usually caused by using Struts tags without the associated filter. Struts tags are only usable when the request has passed through its servlet filter, which initializes the Struts dispatcher needed for this tag. - [unknown location]
	at org.apache.struts2.views.jsp.TagUtils.getStack(TagUtils.java:60)
	at org.apache.struts2.views.jsp.StrutsBodyTagSupport.getStack(StrutsBodyTagSupport.java:44)
	at org.apache.struts2.views.jsp.ComponentTagSupport.doStartTag(ComponentTagSupport.java:48)
	at org.apache.jsp.Registerchoose_jsp._jspx_meth_st_005fform_005f0(Registerchoose_jsp.java:233)
	at org.apache.jsp.Registerchoose_jsp._jspService(Registerchoose_jsp.java:198)
	at org.apache.jasper.runtime.HttpJspBase.service(HttpJspBase.java:70)
	at javax.servlet.http.HttpServlet.service(HttpServlet.java:717)
	at org.apache.jasper.servlet.JspServletWrapper.service(JspServletWrapper.java:374)
	at org.apache.jasper.servlet.JspServlet.serviceJspFile(JspServlet.java:342)
	at org.apache.jasper.servlet.JspServlet.service(JspServlet.java:267)
	at javax.servlet.http.HttpServlet.service(HttpServlet.java:717)
	at org.apache.catalina.core.ApplicationFilterChain.internalDoFilter(ApplicationFilterChain.java:290)
	at org.apache.catalina.core.ApplicationFilterChain.doFilter(ApplicationFilterChain.java:206)
	at org.apache.catalina.core.StandardWrapperValve.invoke(StandardWrapperValve.java:233)
	at org.apache.catalina.core.StandardContextValve.invoke(StandardContextValve.java:191)
	at org.apache.catalina.core.StandardHostValve.invoke(StandardHostValve.java:128)
	at org.apache.catalina.valves.ErrorReportValve.invoke(ErrorReportValve.java:102)
	at org.apache.catalina.core.StandardEngineValve.invoke(StandardEngineValve.java:109)
	at org.apache.catalina.connector.CoyoteAdapter.service(CoyoteAdapter.java:293)
	at org.apache.coyote.http11.Http11Processor.process(Http11Processor.java:849)
	at org.apache.coyote.http11.Http11Protocol$Http11ConnectionHandler.process(Http11Protocol.java:583)
	at org.apache.tomcat.util.net.JIoEndpoint$Worker.run(JIoEndpoint.java:454)
	at java.lang.Thread.run(Unknown Source)

Mar 21, 2024 10:13:35 AM org.apache.catalina.core.StandardWrapperValve invoke
SEVERE: Servlet.service() for servlet jsp threw exception
The Struts dispatcher cannot be found.  This is usually caused by using Struts tags without the associated filter. Struts tags are only usable when the request has passed through its servlet filter, which initializes the Struts dispatcher needed for this tag. - [unknown location]
	at org.apache.struts2.views.jsp.TagUtils.getStack(TagUtils.java:60)
	at org.apache.struts2.views.jsp.StrutsBodyTagSupport.getStack(StrutsBodyTagSupport.java:44)
	at org.apache.struts2.views.jsp.ComponentTagSupport.doStartTag(ComponentTagSupport.java:48)
	at org.apache.jsp.Registerchoose_jsp._jspx_meth_st_005fform_005f0(Registerchoose_jsp.java:233)
	at org.apache.jsp.Registerchoose_jsp._jspService(Registerchoose_jsp.java:198)
	at org.apache.jasper.runtime.HttpJspBase.service(HttpJspBase.java:70)
	at javax.servlet.http.HttpServlet.service(HttpServlet.java:717)
	at org.apache.jasper.servlet.JspServletWrapper.service(JspServletWrapper.java:374)
	at org.apache.jasper.servlet.JspServlet.serviceJspFile(JspServlet.java:342)
	at org.apache.jasper.servlet.JspServlet.service(JspServlet.java:267)
	at javax.servlet.http.HttpServlet.service(HttpServlet.java:717)
	at org.apache.catalina.core.ApplicationFilterChain.internalDoFilter(ApplicationFilterChain.java:290)
	at org.apache.catalina.core.ApplicationFilterChain.doFilter(ApplicationFilterChain.java:206)
	at org.apache.catalina.core.StandardWrapperValve.invoke(StandardWrapperValve.java:233)
	at org.apache.catalina.core.StandardContextValve.invoke(StandardContextValve.java:191)
	at org.apache.catalina.core.StandardHostValve.invoke(StandardHostValve.java:128)
	at org.apache.catalina.valves.ErrorReportValve.invoke(ErrorReportValve.java:102)
	at org.apache.catalina.core.StandardEngineValve.invoke(StandardEngineValve.java:109)
	at org.apache.catalina.connector.CoyoteAdapter.service(CoyoteAdapter.java:293)
	at org.apache.coyote.http11.Http11Processor.process(Http11Processor.java:849)
	at org.apache.coyote.http11.Http11Protocol$Http11ConnectionHandler.process(Http11Protocol.java:583)
	at org.apache.tomcat.util.net.JIoEndpoint$Worker.run(JIoEndpoint.java:454)
	at java.lang.Thread.run(Unknown Source)

Mar 21, 2024 10:14:06 AM org.apache.catalina.core.StandardWrapperValve invoke
SEVERE: Servlet.service() for servlet jsp threw exception
The Struts dispatcher cannot be found.  This is usually caused by using Struts tags without the associated filter. Struts tags are only usable when the request has passed through its servlet filter, which initializes the Struts dispatcher needed for this tag. - [unknown location]
	at org.apache.struts2.views.jsp.TagUtils.getStack(TagUtils.java:60)
	at org.apache.struts2.views.jsp.StrutsBodyTagSupport.getStack(StrutsBodyTagSupport.java:44)
	at org.apache.struts2.views.jsp.ComponentTagSupport.doStartTag(ComponentTagSupport.java:48)
	at org.apache.jsp.Registerchoose_jsp._jspx_meth_st_005fform_005f0(Registerchoose_jsp.java:233)
	at org.apache.jsp.Registerchoose_jsp._jspService(Registerchoose_jsp.java:198)
	at org.apache.jasper.runtime.HttpJspBase.service(HttpJspBase.java:70)
	at javax.servlet.http.HttpServlet.service(HttpServlet.java:717)
	at org.apache.jasper.servlet.JspServletWrapper.service(JspServletWrapper.java:374)
	at org.apache.jasper.servlet.JspServlet.serviceJspFile(JspServlet.java:342)
	at org.apache.jasper.servlet.JspServlet.service(JspServlet.java:267)
	at javax.servlet.http.HttpServlet.service(HttpServlet.java:717)
	at org.apache.catalina.core.ApplicationFilterChain.internalDoFilter(ApplicationFilterChain.java:290)
	at org.apache.catalina.core.ApplicationFilterChain.doFilter(ApplicationFilterChain.java:206)
	at org.apache.catalina.core.StandardWrapperValve.invoke(StandardWrapperValve.java:233)
	at org.apache.catalina.core.StandardContextValve.invoke(StandardContextValve.java:191)
	at org.apache.catalina.core.StandardHostValve.invoke(StandardHostValve.java:128)
	at org.apache.catalina.valves.ErrorReportValve.invoke(ErrorReportValve.java:102)
	at org.apache.catalina.core.StandardEngineValve.invoke(StandardEngineValve.java:109)
	at org.apache.catalina.connector.CoyoteAdapter.service(CoyoteAdapter.java:293)
	at org.apache.coyote.http11.Http11Processor.process(Http11Processor.java:849)
	at org.apache.coyote.http11.Http11Protocol$Http11ConnectionHandler.process(Http11Protocol.java:583)
	at org.apache.tomcat.util.net.JIoEndpoint$Worker.run(JIoEndpoint.java:454)
	at java.lang.Thread.run(Unknown Source)

Mar 21, 2024 10:14:54 AM org.apache.catalina.core.StandardWrapperValve invoke
SEVERE: Servlet.service() for servlet jsp threw exception
The Struts dispatcher cannot be found.  This is usually caused by using Struts tags without the associated filter. Struts tags are only usable when the request has passed through its servlet filter, which initializes the Struts dispatcher needed for this tag. - [unknown location]
	at org.apache.struts2.views.jsp.TagUtils.getStack(TagUtils.java:60)
	at org.apache.struts2.views.jsp.StrutsBodyTagSupport.getStack(StrutsBodyTagSupport.java:44)
	at org.apache.struts2.views.jsp.ComponentTagSupport.doStartTag(ComponentTagSupport.java:48)
	at org.apache.jsp.Registerchoose_jsp._jspx_meth_st_005fform_005f0(Registerchoose_jsp.java:233)
	at org.apache.jsp.Registerchoose_jsp._jspService(Registerchoose_jsp.java:198)
	at org.apache.jasper.runtime.HttpJspBase.service(HttpJspBase.java:70)
	at javax.servlet.http.HttpServlet.service(HttpServlet.java:717)
	at org.apache.jasper.servlet.JspServletWrapper.service(JspServletWrapper.java:374)
	at org.apache.jasper.servlet.JspServlet.serviceJspFile(JspServlet.java:342)
	at org.apache.jasper.servlet.JspServlet.service(JspServlet.java:267)
	at javax.servlet.http.HttpServlet.service(HttpServlet.java:717)
	at org.apache.catalina.core.ApplicationFilterChain.internalDoFilter(ApplicationFilterChain.java:290)
	at org.apache.catalina.core.ApplicationFilterChain.doFilter(ApplicationFilterChain.java:206)
	at org.apache.catalina.core.StandardWrapperValve.invoke(StandardWrapperValve.java:233)
	at org.apache.catalina.core.StandardContextValve.invoke(StandardContextValve.java:191)
	at org.apache.catalina.core.StandardHostValve.invoke(StandardHostValve.java:128)
	at org.apache.catalina.valves.ErrorReportValve.invoke(ErrorReportValve.java:102)
	at org.apache.catalina.core.StandardEngineValve.invoke(StandardEngineValve.java:109)
	at org.apache.catalina.connector.CoyoteAdapter.service(CoyoteAdapter.java:293)
	at org.apache.coyote.http11.Http11Processor.process(Http11Processor.java:849)
	at org.apache.coyote.http11.Http11Protocol$Http11ConnectionHandler.process(Http11Protocol.java:583)
	at org.apache.tomcat.util.net.JIoEndpoint$Worker.run(JIoEndpoint.java:454)
	at java.lang.Thread.run(Unknown Source)

Mar 21, 2024 10:14:56 AM org.apache.catalina.core.StandardWrapperValve invoke
SEVERE: Servlet.service() for servlet jsp threw exception
The Struts dispatcher cannot be found.  This is usually caused by using Struts tags without the associated filter. Struts tags are only usable when the request has passed through its servlet filter, which initializes the Struts dispatcher needed for this tag. - [unknown location]
	at org.apache.struts2.views.jsp.TagUtils.getStack(TagUtils.java:60)
	at org.apache.struts2.views.jsp.StrutsBodyTagSupport.getStack(StrutsBodyTagSupport.java:44)
	at org.apache.struts2.views.jsp.ComponentTagSupport.doStartTag(ComponentTagSupport.java:48)
	at org.apache.jsp.Registerchoose_jsp._jspx_meth_st_005fform_005f0(Registerchoose_jsp.java:233)
	at org.apache.jsp.Registerchoose_jsp._jspService(Registerchoose_jsp.java:198)
	at org.apache.jasper.runtime.HttpJspBase.service(HttpJspBase.java:70)
	at javax.servlet.http.HttpServlet.service(HttpServlet.java:717)
	at org.apache.jasper.servlet.JspServletWrapper.service(JspServletWrapper.java:374)
	at org.apache.jasper.servlet.JspServlet.serviceJspFile(JspServlet.java:342)
	at org.apache.jasper.servlet.JspServlet.service(JspServlet.java:267)
	at javax.servlet.http.HttpServlet.service(HttpServlet.java:717)
	at org.apache.catalina.core.ApplicationFilterChain.internalDoFilter(ApplicationFilterChain.java:290)
	at org.apache.catalina.core.ApplicationFilterChain.doFilter(ApplicationFilterChain.java:206)
	at org.apache.catalina.core.StandardWrapperValve.invoke(StandardWrapperValve.java:233)
	at org.apache.catalina.core.StandardContextValve.invoke(StandardContextValve.java:191)
	at org.apache.catalina.core.StandardHostValve.invoke(StandardHostValve.java:128)
	at org.apache.catalina.valves.ErrorReportValve.invoke(ErrorReportValve.java:102)
	at org.apache.catalina.core.StandardEngineValve.invoke(StandardEngineValve.java:109)
	at org.apache.catalina.connector.CoyoteAdapter.service(CoyoteAdapter.java:293)
	at org.apache.coyote.http11.Http11Processor.process(Http11Processor.java:849)
	at org.apache.coyote.http11.Http11Protocol$Http11ConnectionHandler.process(Http11Protocol.java:583)
	at org.apache.tomcat.util.net.JIoEndpoint$Worker.run(JIoEndpoint.java:454)
	at java.lang.Thread.run(Unknown Source)

Mar 21, 2024 10:15:12 AM org.apache.catalina.core.StandardWrapperValve invoke
SEVERE: Servlet.service() for servlet jsp threw exception
The Struts dispatcher cannot be found.  This is usually caused by using Struts tags without the associated filter. Struts tags are only usable when the request has passed through its servlet filter, which initializes the Struts dispatcher needed for this tag. - [unknown location]
	at org.apache.struts2.views.jsp.TagUtils.getStack(TagUtils.java:60)
	at org.apache.struts2.views.jsp.StrutsBodyTagSupport.getStack(StrutsBodyTagSupport.java:44)
	at org.apache.struts2.views.jsp.ComponentTagSupport.doStartTag(ComponentTagSupport.java:48)
	at org.apache.jsp.userlogin_jsp._jspx_meth_s_005fform_005f0(userlogin_jsp.java:281)
	at org.apache.jsp.userlogin_jsp._jspService(userlogin_jsp.java:250)
	at org.apache.jasper.runtime.HttpJspBase.service(HttpJspBase.java:70)
	at javax.servlet.http.HttpServlet.service(HttpServlet.java:717)
	at org.apache.jasper.servlet.JspServletWrapper.service(JspServletWrapper.java:374)
	at org.apache.jasper.servlet.JspServlet.serviceJspFile(JspServlet.java:342)
	at org.apache.jasper.servlet.JspServlet.service(JspServlet.java:267)
	at javax.servlet.http.HttpServlet.service(HttpServlet.java:717)
	at org.apache.catalina.core.ApplicationFilterChain.internalDoFilter(ApplicationFilterChain.java:290)
	at org.apache.catalina.core.ApplicationFilterChain.doFilter(ApplicationFilterChain.java:206)
	at org.apache.catalina.core.StandardWrapperValve.invoke(StandardWrapperValve.java:233)
	at org.apache.catalina.core.StandardContextValve.invoke(StandardContextValve.java:191)
	at org.apache.catalina.core.StandardHostValve.invoke(StandardHostValve.java:128)
	at org.apache.catalina.valves.ErrorReportValve.invoke(ErrorReportValve.java:102)
	at org.apache.catalina.core.StandardEngineValve.invoke(StandardEngineValve.java:109)
	at org.apache.catalina.connector.CoyoteAdapter.service(CoyoteAdapter.java:293)
	at org.apache.coyote.http11.Http11Processor.process(Http11Processor.java:849)
	at org.apache.coyote.http11.Http11Protocol$Http11ConnectionHandler.process(Http11Protocol.java:583)
	at org.apache.tomcat.util.net.JIoEndpoint$Worker.run(JIoEndpoint.java:454)
	at java.lang.Thread.run(Unknown Source)

Mar 21, 2024 10:15:21 AM org.apache.catalina.core.StandardWrapperValve invoke
SEVERE: Servlet.service() for servlet jsp threw exception
The Struts dispatcher cannot be found.  This is usually caused by using Struts tags without the associated filter. Struts tags are only usable when the request has passed through its servlet filter, which initializes the Struts dispatcher needed for this tag. - [unknown location]
	at org.apache.struts2.views.jsp.TagUtils.getStack(TagUtils.java:60)
	at org.apache.struts2.views.jsp.StrutsBodyTagSupport.getStack(StrutsBodyTagSupport.java:44)
	at org.apache.struts2.views.jsp.ComponentTagSupport.doStartTag(ComponentTagSupport.java:48)
	at org.apache.jsp.ownerlogin_jsp._jspx_meth_s_005fform_005f0(ownerlogin_jsp.java:284)
	at org.apache.jsp.ownerlogin_jsp._jspService(ownerlogin_jsp.java:237)
	at org.apache.jasper.runtime.HttpJspBase.service(HttpJspBase.java:70)
	at javax.servlet.http.HttpServlet.service(HttpServlet.java:717)
	at org.apache.jasper.servlet.JspServletWrapper.service(JspServletWrapper.java:374)
	at org.apache.jasper.servlet.JspServlet.serviceJspFile(JspServlet.java:342)
	at org.apache.jasper.servlet.JspServlet.service(JspServlet.java:267)
	at javax.servlet.http.HttpServlet.service(HttpServlet.java:717)
	at org.apache.catalina.core.ApplicationFilterChain.internalDoFilter(ApplicationFilterChain.java:290)
	at org.apache.catalina.core.ApplicationFilterChain.doFilter(ApplicationFilterChain.java:206)
	at org.apache.catalina.core.StandardWrapperValve.invoke(StandardWrapperValve.java:233)
	at org.apache.catalina.core.StandardContextValve.invoke(StandardContextValve.java:191)
	at org.apache.catalina.core.StandardHostValve.invoke(StandardHostValve.java:128)
	at org.apache.catalina.valves.ErrorReportValve.invoke(ErrorReportValve.java:102)
	at org.apache.catalina.core.StandardEngineValve.invoke(StandardEngineValve.java:109)
	at org.apache.catalina.connector.CoyoteAdapter.service(CoyoteAdapter.java:293)
	at org.apache.coyote.http11.Http11Processor.process(Http11Processor.java:849)
	at org.apache.coyote.http11.Http11Protocol$Http11ConnectionHandler.process(Http11Protocol.java:583)
	at org.apache.tomcat.util.net.JIoEndpoint$Worker.run(JIoEndpoint.java:454)
	at java.lang.Thread.run(Unknown Source)

Mar 21, 2024 10:15:23 AM org.apache.catalina.core.StandardWrapperValve invoke
SEVERE: Servlet.service() for servlet jsp threw exception
The Struts dispatcher cannot be found.  This is usually caused by using Struts tags without the associated filter. Struts tags are only usable when the request has passed through its servlet filter, which initializes the Struts dispatcher needed for this tag. - [unknown location]
	at org.apache.struts2.views.jsp.TagUtils.getStack(TagUtils.java:60)
	at org.apache.struts2.views.jsp.StrutsBodyTagSupport.getStack(StrutsBodyTagSupport.java:44)
	at org.apache.struts2.views.jsp.ComponentTagSupport.doStartTag(ComponentTagSupport.java:48)
	at org.apache.jsp.ownerlogin_jsp._jspx_meth_s_005fform_005f0(ownerlogin_jsp.java:284)
	at org.apache.jsp.ownerlogin_jsp._jspService(ownerlogin_jsp.java:237)
	at org.apache.jasper.runtime.HttpJspBase.service(HttpJspBase.java:70)
	at javax.servlet.http.HttpServlet.service(HttpServlet.java:717)
	at org.apache.jasper.servlet.JspServletWrapper.service(JspServletWrapper.java:374)
	at org.apache.jasper.servlet.JspServlet.serviceJspFile(JspServlet.java:342)
	at org.apache.jasper.servlet.JspServlet.service(JspServlet.java:267)
	at javax.servlet.http.HttpServlet.service(HttpServlet.java:717)
	at org.apache.catalina.core.ApplicationFilterChain.internalDoFilter(ApplicationFilterChain.java:290)
	at org.apache.catalina.core.ApplicationFilterChain.doFilter(ApplicationFilterChain.java:206)
	at org.apache.catalina.core.StandardWrapperValve.invoke(StandardWrapperValve.java:233)
	at org.apache.catalina.core.StandardContextValve.invoke(StandardContextValve.java:191)
	at org.apache.catalina.core.StandardHostValve.invoke(StandardHostValve.java:128)
	at org.apache.catalina.valves.ErrorReportValve.invoke(ErrorReportValve.java:102)
	at org.apache.catalina.core.StandardEngineValve.invoke(StandardEngineValve.java:109)
	at org.apache.catalina.connector.CoyoteAdapter.service(CoyoteAdapter.java:293)
	at org.apache.coyote.http11.Http11Processor.process(Http11Processor.java:849)
	at org.apache.coyote.http11.Http11Protocol$Http11ConnectionHandler.process(Http11Protocol.java:583)
	at org.apache.tomcat.util.net.JIoEndpoint$Worker.run(JIoEndpoint.java:454)
	at java.lang.Thread.run(Unknown Source)

Mar 21, 2024 10:17:14 AM org.apache.catalina.core.StandardWrapperValve invoke
SEVERE: Servlet.service() for servlet jsp threw exception
The Struts dispatcher cannot be found.  This is usually caused by using Struts tags without the associated filter. Struts tags are only usable when the request has passed through its servlet filter, which initializes the Struts dispatcher needed for this tag. - [unknown location]
	at org.apache.struts2.views.jsp.TagUtils.getStack(TagUtils.java:60)
	at org.apache.struts2.views.jsp.StrutsBodyTagSupport.getStack(StrutsBodyTagSupport.java:44)
	at org.apache.struts2.views.jsp.ComponentTagSupport.doStartTag(ComponentTagSupport.java:48)
	at org.apache.jsp.Registerchoose_jsp._jspx_meth_st_005fform_005f0(Registerchoose_jsp.java:233)
	at org.apache.jsp.Registerchoose_jsp._jspService(Registerchoose_jsp.java:198)
	at org.apache.jasper.runtime.HttpJspBase.service(HttpJspBase.java:70)
	at javax.servlet.http.HttpServlet.service(HttpServlet.java:717)
	at org.apache.jasper.servlet.JspServletWrapper.service(JspServletWrapper.java:374)
	at org.apache.jasper.servlet.JspServlet.serviceJspFile(JspServlet.java:342)
	at org.apache.jasper.servlet.JspServlet.service(JspServlet.java:267)
	at javax.servlet.http.HttpServlet.service(HttpServlet.java:717)
	at org.apache.catalina.core.ApplicationFilterChain.internalDoFilter(ApplicationFilterChain.java:290)
	at org.apache.catalina.core.ApplicationFilterChain.doFilter(ApplicationFilterChain.java:206)
	at org.apache.catalina.core.StandardWrapperValve.invoke(StandardWrapperValve.java:233)
	at org.apache.catalina.core.StandardContextValve.invoke(StandardContextValve.java:191)
	at org.apache.catalina.core.StandardHostValve.invoke(StandardHostValve.java:128)
	at org.apache.catalina.valves.ErrorReportValve.invoke(ErrorReportValve.java:102)
	at org.apache.catalina.core.StandardEngineValve.invoke(StandardEngineValve.java:109)
	at org.apache.catalina.connector.CoyoteAdapter.service(CoyoteAdapter.java:293)
	at org.apache.coyote.http11.Http11Processor.process(Http11Processor.java:849)
	at org.apache.coyote.http11.Http11Protocol$Http11ConnectionHandler.process(Http11Protocol.java:583)
	at org.apache.tomcat.util.net.JIoEndpoint$Worker.run(JIoEndpoint.java:454)
	at java.lang.Thread.run(Unknown Source)

Mar 21, 2024 10:18:27 AM org.apache.catalina.core.StandardWrapperValve invoke
SEVERE: Servlet.service() for servlet jsp threw exception
The Struts dispatcher cannot be found.  This is usually caused by using Struts tags without the associated filter. Struts tags are only usable when the request has passed through its servlet filter, which initializes the Struts dispatcher needed for this tag. - [unknown location]
	at org.apache.struts2.views.jsp.TagUtils.getStack(TagUtils.java:60)
	at org.apache.struts2.views.jsp.StrutsBodyTagSupport.getStack(StrutsBodyTagSupport.java:44)
	at org.apache.struts2.views.jsp.ComponentTagSupport.doStartTag(ComponentTagSupport.java:48)
	at org.apache.jsp.Registerchoose_jsp._jspx_meth_st_005fform_005f0(Registerchoose_jsp.java:233)
	at org.apache.jsp.Registerchoose_jsp._jspService(Registerchoose_jsp.java:198)
	at org.apache.jasper.runtime.HttpJspBase.service(HttpJspBase.java:70)
	at javax.servlet.http.HttpServlet.service(HttpServlet.java:717)
	at org.apache.jasper.servlet.JspServletWrapper.service(JspServletWrapper.java:374)
	at org.apache.jasper.servlet.JspServlet.serviceJspFile(JspServlet.java:342)
	at org.apache.jasper.servlet.JspServlet.service(JspServlet.java:267)
	at javax.servlet.http.HttpServlet.service(HttpServlet.java:717)
	at org.apache.catalina.core.ApplicationFilterChain.internalDoFilter(ApplicationFilterChain.java:290)
	at org.apache.catalina.core.ApplicationFilterChain.doFilter(ApplicationFilterChain.java:206)
	at org.apache.catalina.core.StandardWrapperValve.invoke(StandardWrapperValve.java:233)
	at org.apache.catalina.core.StandardContextValve.invoke(StandardContextValve.java:191)
	at org.apache.catalina.core.StandardHostValve.invoke(StandardHostValve.java:128)
	at org.apache.catalina.valves.ErrorReportValve.invoke(ErrorReportValve.java:102)
	at org.apache.catalina.core.StandardEngineValve.invoke(StandardEngineValve.java:109)
	at org.apache.catalina.connector.CoyoteAdapter.service(CoyoteAdapter.java:293)
	at org.apache.coyote.http11.Http11Processor.process(Http11Processor.java:849)
	at org.apache.coyote.http11.Http11Protocol$Http11ConnectionHandler.process(Http11Protocol.java:583)
	at org.apache.tomcat.util.net.JIoEndpoint$Worker.run(JIoEndpoint.java:454)
	at java.lang.Thread.run(Unknown Source)

Mar 21, 2024 10:19:00 AM org.apache.catalina.core.StandardWrapperValve invoke
SEVERE: Servlet.service() for servlet jsp threw exception
The Struts dispatcher cannot be found.  This is usually caused by using Struts tags without the associated filter. Struts tags are only usable when the request has passed through its servlet filter, which initializes the Struts dispatcher needed for this tag. - [unknown location]
	at org.apache.struts2.views.jsp.TagUtils.getStack(TagUtils.java:60)
	at org.apache.struts2.views.jsp.StrutsBodyTagSupport.getStack(StrutsBodyTagSupport.java:44)
	at org.apache.struts2.views.jsp.ComponentTagSupport.doStartTag(ComponentTagSupport.java:48)
	at org.apache.jsp.Registerchoose_jsp._jspx_meth_st_005fform_005f0(Registerchoose_jsp.java:233)
	at org.apache.jsp.Registerchoose_jsp._jspService(Registerchoose_jsp.java:198)
	at org.apache.jasper.runtime.HttpJspBase.service(HttpJspBase.java:70)
	at javax.servlet.http.HttpServlet.service(HttpServlet.java:717)
	at org.apache.jasper.servlet.JspServletWrapper.service(JspServletWrapper.java:374)
	at org.apache.jasper.servlet.JspServlet.serviceJspFile(JspServlet.java:342)
	at org.apache.jasper.servlet.JspServlet.service(JspServlet.java:267)
	at javax.servlet.http.HttpServlet.service(HttpServlet.java:717)
	at org.apache.catalina.core.ApplicationFilterChain.internalDoFilter(ApplicationFilterChain.java:290)
	at org.apache.catalina.core.ApplicationFilterChain.doFilter(ApplicationFilterChain.java:206)
	at org.apache.catalina.core.StandardWrapperValve.invoke(StandardWrapperValve.java:233)
	at org.apache.catalina.core.StandardContextValve.invoke(StandardContextValve.java:191)
	at org.apache.catalina.core.StandardHostValve.invoke(StandardHostValve.java:128)
	at org.apache.catalina.valves.ErrorReportValve.invoke(ErrorReportValve.java:102)
	at org.apache.catalina.core.StandardEngineValve.invoke(StandardEngineValve.java:109)
	at org.apache.catalina.connector.CoyoteAdapter.service(CoyoteAdapter.java:293)
	at org.apache.coyote.http11.Http11Processor.process(Http11Processor.java:849)
	at org.apache.coyote.http11.Http11Protocol$Http11ConnectionHandler.process(Http11Protocol.java:583)
	at org.apache.tomcat.util.net.JIoEndpoint$Worker.run(JIoEndpoint.java:454)
	at java.lang.Thread.run(Unknown Source)

Mar 21, 2024 10:23:48 AM org.apache.catalina.core.StandardWrapperValve invoke
SEVERE: Servlet.service() for servlet jsp threw exception
The Struts dispatcher cannot be found.  This is usually caused by using Struts tags without the associated filter. Struts tags are only usable when the request has passed through its servlet filter, which initializes the Struts dispatcher needed for this tag. - [unknown location]
	at org.apache.struts2.views.jsp.TagUtils.getStack(TagUtils.java:60)
	at org.apache.struts2.views.jsp.StrutsBodyTagSupport.getStack(StrutsBodyTagSupport.java:44)
	at org.apache.struts2.views.jsp.ComponentTagSupport.doStartTag(ComponentTagSupport.java:48)
	at org.apache.jsp.Registerchoose_jsp._jspx_meth_st_005fform_005f0(Registerchoose_jsp.java:233)
	at org.apache.jsp.Registerchoose_jsp._jspService(Registerchoose_jsp.java:198)
	at org.apache.jasper.runtime.HttpJspBase.service(HttpJspBase.java:70)
	at javax.servlet.http.HttpServlet.service(HttpServlet.java:717)
	at org.apache.jasper.servlet.JspServletWrapper.service(JspServletWrapper.java:374)
	at org.apache.jasper.servlet.JspServlet.serviceJspFile(JspServlet.java:342)
	at org.apache.jasper.servlet.JspServlet.service(JspServlet.java:267)
	at javax.servlet.http.HttpServlet.service(HttpServlet.java:717)
	at org.apache.catalina.core.ApplicationFilterChain.internalDoFilter(ApplicationFilterChain.java:290)
	at org.apache.catalina.core.ApplicationFilterChain.doFilter(ApplicationFilterChain.java:206)
	at org.apache.catalina.core.StandardWrapperValve.invoke(StandardWrapperValve.java:233)
	at org.apache.catalina.core.StandardContextValve.invoke(StandardContextValve.java:191)
	at org.apache.catalina.core.StandardHostValve.invoke(StandardHostValve.java:128)
	at org.apache.catalina.valves.ErrorReportValve.invoke(ErrorReportValve.java:102)
	at org.apache.catalina.core.StandardEngineValve.invoke(StandardEngineValve.java:109)
	at org.apache.catalina.connector.CoyoteAdapter.service(CoyoteAdapter.java:293)
	at org.apache.coyote.http11.Http11Processor.process(Http11Processor.java:849)
	at org.apache.coyote.http11.Http11Protocol$Http11ConnectionHandler.process(Http11Protocol.java:583)
	at org.apache.tomcat.util.net.JIoEndpoint$Worker.run(JIoEndpoint.java:454)
	at java.lang.Thread.run(Unknown Source)

Mar 21, 2024 10:23:48 AM org.apache.catalina.core.StandardWrapperValve invoke
SEVERE: Servlet.service() for servlet jsp threw exception
The Struts dispatcher cannot be found.  This is usually caused by using Struts tags without the associated filter. Struts tags are only usable when the request has passed through its servlet filter, which initializes the Struts dispatcher needed for this tag. - [unknown location]
	at org.apache.struts2.views.jsp.TagUtils.getStack(TagUtils.java:60)
	at org.apache.struts2.views.jsp.StrutsBodyTagSupport.getStack(StrutsBodyTagSupport.java:44)
	at org.apache.struts2.views.jsp.ComponentTagSupport.doStartTag(ComponentTagSupport.java:48)
	at org.apache.jsp.Registerchoose_jsp._jspx_meth_st_005fform_005f0(Registerchoose_jsp.java:233)
	at org.apache.jsp.Registerchoose_jsp._jspService(Registerchoose_jsp.java:198)
	at org.apache.jasper.runtime.HttpJspBase.service(HttpJspBase.java:70)
	at javax.servlet.http.HttpServlet.service(HttpServlet.java:717)
	at org.apache.jasper.servlet.JspServletWrapper.service(JspServletWrapper.java:374)
	at org.apache.jasper.servlet.JspServlet.serviceJspFile(JspServlet.java:342)
	at org.apache.jasper.servlet.JspServlet.service(JspServlet.java:267)
	at javax.servlet.http.HttpServlet.service(HttpServlet.java:717)
	at org.apache.catalina.core.ApplicationFilterChain.internalDoFilter(ApplicationFilterChain.java:290)
	at org.apache.catalina.core.ApplicationFilterChain.doFilter(ApplicationFilterChain.java:206)
	at org.apache.catalina.core.StandardWrapperValve.invoke(StandardWrapperValve.java:233)
	at org.apache.catalina.core.StandardContextValve.invoke(StandardContextValve.java:191)
	at org.apache.catalina.core.StandardHostValve.invoke(StandardHostValve.java:128)
	at org.apache.catalina.valves.ErrorReportValve.invoke(ErrorReportValve.java:102)
	at org.apache.catalina.core.StandardEngineValve.invoke(StandardEngineValve.java:109)
	at org.apache.catalina.connector.CoyoteAdapter.service(CoyoteAdapter.java:293)
	at org.apache.coyote.http11.Http11Processor.process(Http11Processor.java:849)
	at org.apache.coyote.http11.Http11Protocol$Http11ConnectionHandler.process(Http11Protocol.java:583)
	at org.apache.tomcat.util.net.JIoEndpoint$Worker.run(JIoEndpoint.java:454)
	at java.lang.Thread.run(Unknown Source)

Mar 21, 2024 10:23:53 AM org.apache.catalina.core.StandardWrapperValve invoke
SEVERE: Servlet.service() for servlet jsp threw exception
The Struts dispatcher cannot be found.  This is usually caused by using Struts tags without the associated filter. Struts tags are only usable when the request has passed through its servlet filter, which initializes the Struts dispatcher needed for this tag. - [unknown location]
	at org.apache.struts2.views.jsp.TagUtils.getStack(TagUtils.java:60)
	at org.apache.struts2.views.jsp.StrutsBodyTagSupport.getStack(StrutsBodyTagSupport.java:44)
	at org.apache.struts2.views.jsp.ComponentTagSupport.doStartTag(ComponentTagSupport.java:48)
	at org.apache.jsp.userlogin_jsp._jspx_meth_s_005fform_005f0(userlogin_jsp.java:281)
	at org.apache.jsp.userlogin_jsp._jspService(userlogin_jsp.java:250)
	at org.apache.jasper.runtime.HttpJspBase.service(HttpJspBase.java:70)
	at javax.servlet.http.HttpServlet.service(HttpServlet.java:717)
	at org.apache.jasper.servlet.JspServletWrapper.service(JspServletWrapper.java:374)
	at org.apache.jasper.servlet.JspServlet.serviceJspFile(JspServlet.java:342)
	at org.apache.jasper.servlet.JspServlet.service(JspServlet.java:267)
	at javax.servlet.http.HttpServlet.service(HttpServlet.java:717)
	at org.apache.catalina.core.ApplicationFilterChain.internalDoFilter(ApplicationFilterChain.java:290)
	at org.apache.catalina.core.ApplicationFilterChain.doFilter(ApplicationFilterChain.java:206)
	at org.apache.catalina.core.StandardWrapperValve.invoke(StandardWrapperValve.java:233)
	at org.apache.catalina.core.StandardContextValve.invoke(StandardContextValve.java:191)
	at org.apache.catalina.core.StandardHostValve.invoke(StandardHostValve.java:128)
	at org.apache.catalina.valves.ErrorReportValve.invoke(ErrorReportValve.java:102)
	at org.apache.catalina.core.StandardEngineValve.invoke(StandardEngineValve.java:109)
	at org.apache.catalina.connector.CoyoteAdapter.service(CoyoteAdapter.java:293)
	at org.apache.coyote.http11.Http11Processor.process(Http11Processor.java:849)
	at org.apache.coyote.http11.Http11Protocol$Http11ConnectionHandler.process(Http11Protocol.java:583)
	at org.apache.tomcat.util.net.JIoEndpoint$Worker.run(JIoEndpoint.java:454)
	at java.lang.Thread.run(Unknown Source)

Mar 21, 2024 10:24:08 AM org.apache.catalina.core.StandardWrapperValve invoke
SEVERE: Servlet.service() for servlet jsp threw exception
The Struts dispatcher cannot be found.  This is usually caused by using Struts tags without the associated filter. Struts tags are only usable when the request has passed through its servlet filter, which initializes the Struts dispatcher needed for this tag. - [unknown location]
	at org.apache.struts2.views.jsp.TagUtils.getStack(TagUtils.java:60)
	at org.apache.struts2.views.jsp.StrutsBodyTagSupport.getStack(StrutsBodyTagSupport.java:44)
	at org.apache.struts2.views.jsp.ComponentTagSupport.doStartTag(ComponentTagSupport.java:48)
	at org.apache.jsp.Registerchoose_jsp._jspx_meth_st_005fform_005f0(Registerchoose_jsp.java:233)
	at org.apache.jsp.Registerchoose_jsp._jspService(Registerchoose_jsp.java:198)
	at org.apache.jasper.runtime.HttpJspBase.service(HttpJspBase.java:70)
	at javax.servlet.http.HttpServlet.service(HttpServlet.java:717)
	at org.apache.jasper.servlet.JspServletWrapper.service(JspServletWrapper.java:374)
	at org.apache.jasper.servlet.JspServlet.serviceJspFile(JspServlet.java:342)
	at org.apache.jasper.servlet.JspServlet.service(JspServlet.java:267)
	at javax.servlet.http.HttpServlet.service(HttpServlet.java:717)
	at org.apache.catalina.core.ApplicationFilterChain.internalDoFilter(ApplicationFilterChain.java:290)
	at org.apache.catalina.core.ApplicationFilterChain.doFilter(ApplicationFilterChain.java:206)
	at org.apache.catalina.core.StandardWrapperValve.invoke(StandardWrapperValve.java:233)
	at org.apache.catalina.core.StandardContextValve.invoke(StandardContextValve.java:191)
	at org.apache.catalina.core.StandardHostValve.invoke(StandardHostValve.java:128)
	at org.apache.catalina.valves.ErrorReportValve.invoke(ErrorReportValve.java:102)
	at org.apache.catalina.core.StandardEngineValve.invoke(StandardEngineValve.java:109)
	at org.apache.catalina.connector.CoyoteAdapter.service(CoyoteAdapter.java:293)
	at org.apache.coyote.http11.Http11Processor.process(Http11Processor.java:849)
	at org.apache.coyote.http11.Http11Protocol$Http11ConnectionHandler.process(Http11Protocol.java:583)
	at org.apache.tomcat.util.net.JIoEndpoint$Worker.run(JIoEndpoint.java:454)
	at java.lang.Thread.run(Unknown Source)

