Mar 18, 2024 11:26:01 AM org.apache.catalina.core.ApplicationContext log
INFO: HTMLManager: init: Associated with Deployer 'Catalina:type=Deployer,host=localhost'
Mar 18, 2024 11:26:01 AM org.apache.catalina.core.ApplicationContext log
INFO: HTMLManager: init: Global resources are available
Mar 18, 2024 11:26:01 AM org.apache.catalina.core.ApplicationContext log
INFO: HTMLManager: list: Listing contexts for virtual host 'localhost'
Mar 18, 2024 12:35:21 PM org.apache.catalina.core.ApplicationContext log
INFO: HTMLManager: init: Associated with Deployer 'Catalina:type=Deployer,host=localhost'
Mar 18, 2024 12:35:21 PM org.apache.catalina.core.ApplicationContext log
INFO: HTMLManager: init: Global resources are available
Mar 18, 2024 12:35:21 PM org.apache.catalina.core.ApplicationContext log
INFO: HTMLManager: list: Listing contexts for virtual host 'localhost'
Mar 18, 2024 12:53:14 PM org.apache.catalina.core.ApplicationContext log
INFO: HTMLManager: init: Associated with Deployer 'Catalina:type=Deployer,host=localhost'
Mar 18, 2024 12:53:14 PM org.apache.catalina.core.ApplicationContext log
INFO: HTMLManager: init: Global resources are available
Mar 18, 2024 12:53:14 PM org.apache.catalina.core.ApplicationContext log
INFO: HTMLManager: list: Listing contexts for virtual host 'localhost'
Mar 18, 2024 12:57:01 PM org.apache.catalina.core.ApplicationContext log
INFO: HTMLManager: init: Associated with Deployer 'Catalina:type=Deployer,host=localhost'
Mar 18, 2024 12:57:01 PM org.apache.catalina.core.ApplicationContext log
INFO: HTMLManager: init: Global resources are available
Mar 18, 2024 12:57:01 PM org.apache.catalina.core.ApplicationContext log
INFO: HTMLManager: list: Listing contexts for virtual host 'localhost'
Mar 18, 2024 12:57:01 PM org.apache.catalina.core.ApplicationContext log
INFO: HTMLManager: list: Listing contexts for virtual host 'localhost'
Mar 18, 2024 1:02:08 PM org.apache.catalina.core.ApplicationContext log
INFO: HTMLManager: init: Associated with Deployer 'Catalina:type=Deployer,host=localhost'
Mar 18, 2024 1:02:08 PM org.apache.catalina.core.ApplicationContext log
INFO: HTMLManager: init: Global resources are available
Mar 18, 2024 1:02:08 PM org.apache.catalina.core.ApplicationContext log
INFO: HTMLManager: list: Listing contexts for virtual host 'localhost'
Mar 18, 2024 1:08:34 PM org.apache.catalina.core.ApplicationContext log
INFO: HTMLManager: init: Associated with Deployer 'Catalina:type=Deployer,host=localhost'
Mar 18, 2024 1:08:34 PM org.apache.catalina.core.ApplicationContext log
INFO: HTMLManager: init: Global resources are available
Mar 18, 2024 1:08:34 PM org.apache.catalina.core.ApplicationContext log
INFO: HTMLManager: list: Listing contexts for virtual host 'localhost'
Mar 18, 2024 1:18:21 PM org.apache.catalina.core.ApplicationContext log
INFO: HTMLManager: init: Associated with Deployer 'Catalina:type=Deployer,host=localhost'
Mar 18, 2024 1:18:21 PM org.apache.catalina.core.ApplicationContext log
INFO: HTMLManager: init: Global resources are available
Mar 18, 2024 1:18:21 PM org.apache.catalina.core.ApplicationContext log
INFO: HTMLManager: list: Listing contexts for virtual host 'localhost'
Mar 18, 2024 1:31:41 PM org.apache.catalina.core.ApplicationContext log
INFO: HTMLManager: init: Associated with Deployer 'Catalina:type=Deployer,host=localhost'
Mar 18, 2024 1:31:41 PM org.apache.catalina.core.ApplicationContext log
INFO: HTMLManager: init: Global resources are available
Mar 18, 2024 1:31:41 PM org.apache.catalina.core.ApplicationContext log
INFO: HTMLManager: list: Listing contexts for virtual host 'localhost'
